{"level":"info","message":"Hello lol","timestamp":"2016-11-02T00:04:18.394Z"}
{"level":"warn","message":"Warning loo","timestamp":"2016-11-02T00:04:18.394Z"}
{"level":"debug","message":"Debugging lol","timestamp":"2016-11-02T00:04:18.394Z"}
{"level":"info","message":"successfully rendered the signin module","timestamp":"2016-11-02T00:04:27.653Z"}
{"level":"info","message":"CONNECTED TO MONGO registerNewUser","timestamp":"2016-11-02T00:04:37.890Z"}
{"level":"info","message":"nachiket@gmail.com","timestamp":"2016-11-02T00:04:37.958Z"}
{"level":"info","message":"$2a$10$T1Lvf7EqujG86FYybVghUuC7t1lJcfKzppfjV5g4Kke3sGef7nkZS","timestamp":"2016-11-02T00:04:37.958Z"}
{"statusCode":200,"level":"warn","message":"","timestamp":"2016-11-02T00:04:38.066Z"}
{"statusCode":200,"level":"warn","message":"","timestamp":"2016-11-02T00:04:38.079Z"}
{"statusCode":200,"level":"warn","message":"","timestamp":"2016-11-02T00:04:38.080Z"}
{"level":"info","message":"Checks before redirecting whether the session is valid ","timestamp":"2016-11-02T00:04:38.100Z"}
{"level":"info","message":"Adding A POST Request with msg_payload as","timestamp":"2016-11-02T00:04:40.045Z"}
{"username":"nachiket@gmail.com","level":"info","message":"","timestamp":"2016-11-02T00:04:40.045Z"}
{"level":"info","message":"ADDING A POST REQUEST WITH msg_payload AS: ","timestamp":"2016-11-02T00:04:42.032Z"}
{"username":"nachiket@gmail.com","level":"info","message":"","timestamp":"2016-11-02T00:04:42.032Z"}
{"level":"info","message":"ADDING A POST REQUEST ON getAllBids WITH msg_payload AS: ","timestamp":"2016-11-02T00:04:42.493Z"}
{"username":"nachiket@gmail.com","level":"info","message":"","timestamp":"2016-11-02T00:04:42.494Z"}
{"level":"info","message":"ADDING A POST REQUEST ON bought_history_queue WITH msg_payload AS: ","timestamp":"2016-11-02T00:04:43.697Z"}
{"username":"nachiket@gmail.com","level":"info","message":"","timestamp":"2016-11-02T00:04:43.697Z"}
{"level":"info","message":"ADDING A POST REQUEST ON manage_sell_items_queue WITH msg_payload AS: ","timestamp":"2016-11-02T00:04:44.089Z"}
{"username":"nachiket@gmail.com","level":"info","message":"","timestamp":"2016-11-02T00:04:44.089Z"}
{"level":"info","message":"ADDING A POST REQUEST ON manage_bid_items_queue WITH msg_payload AS: ","timestamp":"2016-11-02T00:04:44.480Z"}
{"username":"nachiket@gmail.com","level":"info","message":"","timestamp":"2016-11-02T00:04:44.480Z"}
{"level":"info","message":"Hello lol","timestamp":"2016-11-02T00:06:29.079Z"}
{"level":"warn","message":"Warning loo","timestamp":"2016-11-02T00:06:29.079Z"}
{"level":"debug","message":"Debugging lol","timestamp":"2016-11-02T00:06:29.079Z"}
{"level":"info","message":"Checks before redirecting whether the session is valid ","timestamp":"2016-11-02T00:06:30.289Z"}
{"level":"info","message":"Adding A POST Request with msg_payload as","timestamp":"2016-11-02T00:06:31.080Z"}
{"username":"nachiket@gmail.com","level":"info","message":"","timestamp":"2016-11-02T00:06:31.080Z"}
{"level":"info","message":"ADDING A POST REQUEST WITH msg_payload AS: ","timestamp":"2016-11-02T00:06:34.248Z"}
{"username":"nachiket@gmail.com","level":"info","message":"","timestamp":"2016-11-02T00:06:34.248Z"}
{"level":"info","message":"ADDING A POST REQUEST ON getAllBids WITH msg_payload AS: ","timestamp":"2016-11-02T00:06:34.646Z"}
{"username":"nachiket@gmail.com","level":"info","message":"","timestamp":"2016-11-02T00:06:34.646Z"}
{"level":"info","message":"ADDING A POST REQUEST ON bought_history_queue WITH msg_payload AS: ","timestamp":"2016-11-02T00:06:36.194Z"}
{"username":"nachiket@gmail.com","level":"info","message":"","timestamp":"2016-11-02T00:06:36.194Z"}
{"level":"info","message":"ADDING A POST REQUEST ON manage_sell_items_queue WITH msg_payload AS: ","timestamp":"2016-11-02T00:06:36.555Z"}
{"username":"nachiket@gmail.com","level":"info","message":"","timestamp":"2016-11-02T00:06:36.555Z"}
{"level":"info","message":"ADDING A POST REQUEST ON manage_bid_items_queue WITH msg_payload AS: ","timestamp":"2016-11-02T00:06:36.862Z"}
{"username":"nachiket@gmail.com","level":"info","message":"","timestamp":"2016-11-02T00:06:36.863Z"}
{"level":"info","message":"ADDING A POST REQUEST ON your_cart_queue WITH msg_payload AS: ","timestamp":"2016-11-02T00:06:37.263Z"}
{"username":"nachiket@gmail.com","level":"info","message":"","timestamp":"2016-11-02T00:06:37.263Z"}
{"level":"info","message":"ADDING A POST REQUEST ON sold_history_queue WITH msg_payload AS: ","timestamp":"2016-11-02T00:06:37.656Z"}
{"username":"nachiket@gmail.com","level":"info","message":"","timestamp":"2016-11-02T00:06:37.656Z"}
{"level":"info","message":"in destroy session function","timestamp":"2016-11-02T00:06:39.953Z"}
{"level":"info","message":"successfully rendered the signin module","timestamp":"2016-11-02T00:06:39.962Z"}
{"level":"info","message":"CONNECTED TO MONGO registerNewUser","timestamp":"2016-11-02T00:13:35.938Z"}
{"level":"info","message":"rohan@gmail.com","timestamp":"2016-11-02T00:13:35.940Z"}
{"level":"info","message":"$2a$10$EWMDYILEbxLa4aSTTN7iw.IqNbFxO.WCPHzseIBDAd91hwgdy4dIW","timestamp":"2016-11-02T00:13:35.940Z"}
{"level":"warn","message":"returned false","timestamp":"2016-11-02T00:13:36.029Z"}
{"statusCode":401,"level":"warn","message":"","timestamp":"2016-11-02T00:13:36.029Z"}
{"statusCode":200,"level":"warn","message":"","timestamp":"2016-11-02T00:13:36.032Z"}
{"statusCode":200,"level":"warn","message":"","timestamp":"2016-11-02T00:13:36.033Z"}
{"level":"info","message":"CONNECTED TO MONGO registerNewUser","timestamp":"2016-11-02T00:13:41.358Z"}
{"level":"info","message":"rohan@gmail.com","timestamp":"2016-11-02T00:13:41.360Z"}
{"level":"info","message":"$2a$10$EWMDYILEbxLa4aSTTN7iw.IqNbFxO.WCPHzseIBDAd91hwgdy4dIW","timestamp":"2016-11-02T00:13:41.360Z"}
{"statusCode":200,"level":"warn","message":"","timestamp":"2016-11-02T00:13:41.447Z"}
{"statusCode":200,"level":"warn","message":"","timestamp":"2016-11-02T00:13:41.450Z"}
{"statusCode":200,"level":"warn","message":"","timestamp":"2016-11-02T00:13:41.451Z"}
{"level":"info","message":"Checks before redirecting whether the session is valid ","timestamp":"2016-11-02T00:13:41.457Z"}
{"level":"info","message":"Checks before redirecting whether the session is valid ","timestamp":"2016-11-02T00:14:25.865Z"}
{"level":"info","message":"Checks before redirecting whether the session is valid ","timestamp":"2016-11-02T00:15:46.148Z"}
{"level":"info","message":"Checks before redirecting whether the session is valid ","timestamp":"2016-11-02T00:27:51.503Z"}
{"level":"info","message":"Checks before redirecting whether the session is valid ","timestamp":"2016-11-02T00:29:11.860Z"}
{"level":"info","message":"Checks before redirecting whether the session is valid ","timestamp":"2016-11-02T00:29:18.517Z"}
{"level":"info","message":"Checks before redirecting whether the session is valid ","timestamp":"2016-11-02T00:33:40.003Z"}
{"level":"info","message":"ADDING A POST REQUEST ON bought_history_queue WITH msg_payload AS: ","timestamp":"2016-11-02T00:33:44.553Z"}
{"username":"rohan@gmail.com","level":"info","message":"","timestamp":"2016-11-02T00:33:44.554Z"}
{"level":"info","message":"ADDING A POST REQUEST ON sold_history_queue WITH msg_payload AS: ","timestamp":"2016-11-02T00:33:45.823Z"}
{"username":"rohan@gmail.com","level":"info","message":"","timestamp":"2016-11-02T00:33:45.823Z"}
{"level":"info","message":"Checks before redirecting whether the session is valid ","timestamp":"2016-11-02T00:35:07.355Z"}
{"level":"info","message":"Checks before redirecting whether the session is valid ","timestamp":"2016-11-02T00:35:37.001Z"}
{"level":"info","message":"Checks before redirecting whether the session is valid ","timestamp":"2016-11-02T00:40:53.500Z"}
{"level":"info","message":"Checks before redirecting whether the session is valid ","timestamp":"2016-11-02T00:42:03.907Z"}
{"level":"info","message":"ADDING A POST REQUEST ON bought_history_queue WITH msg_payload AS: ","timestamp":"2016-11-02T00:49:39.124Z"}
{"username":"rohan@gmail.com","level":"info","message":"","timestamp":"2016-11-02T00:49:39.124Z"}
{"level":"info","message":"ADDING A POST REQUEST ON sold_history_queue WITH msg_payload AS: ","timestamp":"2016-11-02T00:49:40.263Z"}
{"username":"rohan@gmail.com","level":"info","message":"","timestamp":"2016-11-02T00:49:40.263Z"}
{"level":"info","message":"ADDING A POST REQUEST ON your_cart_queue WITH msg_payload AS: ","timestamp":"2016-11-02T00:49:41.768Z"}
{"username":"rohan@gmail.com","level":"info","message":"","timestamp":"2016-11-02T00:49:41.768Z"}
{"level":"info","message":"ADDING A POST REQUEST ON manage_sell_items_queue WITH msg_payload AS: ","timestamp":"2016-11-02T00:49:43.885Z"}
{"username":"rohan@gmail.com","level":"info","message":"","timestamp":"2016-11-02T00:49:43.885Z"}
{"level":"info","message":"ADDING A POST REQUEST ON manage_bid_items_queue WITH msg_payload AS: ","timestamp":"2016-11-02T00:49:45.281Z"}
{"username":"rohan@gmail.com","level":"info","message":"","timestamp":"2016-11-02T00:49:45.281Z"}
{"level":"info","message":"ADDING A POST REQUEST ON manage_sell_items_queue WITH msg_payload AS: ","timestamp":"2016-11-02T00:49:47.279Z"}
{"username":"rohan@gmail.com","level":"info","message":"","timestamp":"2016-11-02T00:49:47.280Z"}
{"level":"info","message":"ADDING A POST REQUEST ON manage_bid_items_queue WITH msg_payload AS: ","timestamp":"2016-11-02T00:49:48.757Z"}
{"username":"rohan@gmail.com","level":"info","message":"","timestamp":"2016-11-02T00:49:48.757Z"}
{"level":"info","message":"Adding A POST Request with msg_payload as","timestamp":"2016-11-02T00:49:49.439Z"}
{"username":"rohan@gmail.com","level":"info","message":"","timestamp":"2016-11-02T00:49:49.439Z"}
{"level":"info","message":"in destroy session function","timestamp":"2016-11-02T00:49:57.337Z"}
{"level":"info","message":"successfully rendered the signin module","timestamp":"2016-11-02T00:49:57.345Z"}
{"level":"info","message":"successfully rendered the signin module","timestamp":"2016-11-02T03:01:37.478Z"}
{"level":"info","message":"Hello lol","timestamp":"2016-11-02T04:09:26.010Z"}
{"level":"warn","message":"Warning loo","timestamp":"2016-11-02T04:09:26.010Z"}
{"level":"info","message":"Hello lol","timestamp":"2016-11-02T04:11:14.640Z"}
{"level":"warn","message":"Warning loo","timestamp":"2016-11-02T04:11:14.641Z"}
{"level":"info","message":"Hello lol","timestamp":"2016-11-02T04:12:09.355Z"}
{"level":"warn","message":"Warning loo","timestamp":"2016-11-02T04:12:09.355Z"}
{"level":"info","message":"Hello lol","timestamp":"2016-11-02T06:27:16.562Z"}
{"level":"warn","message":"Warning loo","timestamp":"2016-11-02T06:27:16.562Z"}
{"level":"info","message":"Hello lol","timestamp":"2016-11-02T06:29:22.783Z"}
{"level":"warn","message":"Warning loo","timestamp":"2016-11-02T06:29:22.783Z"}
{"level":"info","message":"Hello lol","timestamp":"2016-11-02T06:30:20.720Z"}
{"level":"warn","message":"Warning loo","timestamp":"2016-11-02T06:30:20.721Z"}
{"level":"info","message":"Hello lol","timestamp":"2016-11-02T06:30:33.240Z"}
{"level":"warn","message":"Warning loo","timestamp":"2016-11-02T06:30:33.240Z"}
{"level":"info","message":"Hello lol","timestamp":"2016-11-02T06:32:54.987Z"}
{"level":"warn","message":"Warning loo","timestamp":"2016-11-02T06:32:54.988Z"}
{"level":"debug","message":"Debugging lol","timestamp":"2016-11-02T06:32:54.988Z"}
{"level":"info","message":"Hello lol","timestamp":"2016-11-02T06:33:23.927Z"}
{"level":"warn","message":"Warning loo","timestamp":"2016-11-02T06:33:23.928Z"}
{"level":"info","message":"Hello lol","timestamp":"2016-11-02T06:34:04.110Z"}
{"level":"warn","message":"Warning loo","timestamp":"2016-11-02T06:34:04.111Z"}
{"level":"debug","message":"Debugging lol","timestamp":"2016-11-02T06:34:04.111Z"}
{"level":"info","message":"successfully rendered the signin module","timestamp":"2016-11-02T06:34:10.511Z"}
{"level":"info","message":"Hello lol","timestamp":"2016-11-02T06:34:49.543Z"}
{"level":"warn","message":"Warning loo","timestamp":"2016-11-02T06:34:49.543Z"}
{"level":"info","message":"Hello lol","timestamp":"2016-11-02T07:11:33.133Z"}
{"level":"warn","message":"Warning loo","timestamp":"2016-11-02T07:11:33.133Z"}
{"level":"debug","message":"Debugging lol","timestamp":"2016-11-02T07:11:33.133Z"}
{"level":"info","message":"successfully rendered the signin module","timestamp":"2016-11-02T07:11:47.859Z"}
{"level":"info","message":"Hello lol","timestamp":"2016-11-02T07:26:33.847Z"}
{"level":"warn","message":"Warning loo","timestamp":"2016-11-02T07:26:33.847Z"}
{"level":"debug","message":"Debugging lol","timestamp":"2016-11-02T07:26:33.847Z"}
{"level":"info","message":"ADDING A POST REQUEST ON register_new_user_queue QUEUE WITH msg_payload as:","timestamp":"2016-11-02T07:27:55.986Z"}
{"saltRounds":10,"myPlaintextPassword":"asdf","salt":"$2a$10$PjA0tIqrJvv.51WhA9MdFO","hash":"$2a$10$nRch13PrMI.IZ3YX55X7xudScyBGVuNPbCKZiekinjOQUxvH.npK2","dt":"2016-11-02T07:27:55.896Z","first_name":"Test","last_name":"Test","inputUsername":"test@gmail.com","inputPassword":"$2a$10$nRch13PrMI.IZ3YX55X7xudScyBGVuNPbCKZiekinjOQUxvH.npK2","level":"info","message":"","timestamp":"2016-11-02T07:27:55.987Z"}
{"level":"info","message":"CONNECTED TO MONGO registerNewUser","timestamp":"2016-11-02T07:28:31.612Z"}
{"level":"info","message":"test@gmail.com","timestamp":"2016-11-02T07:28:31.616Z"}
{"level":"info","message":"$2a$10$nRch13PrMI.IZ3YX55X7xudScyBGVuNPbCKZiekinjOQUxvH.npK2","timestamp":"2016-11-02T07:28:31.616Z"}
{"statusCode":200,"level":"warn","message":"","timestamp":"2016-11-02T07:28:31.706Z"}
{"statusCode":200,"level":"warn","message":"","timestamp":"2016-11-02T07:28:31.713Z"}
{"statusCode":200,"level":"warn","message":"","timestamp":"2016-11-02T07:28:31.770Z"}
{"level":"info","message":"Checks before redirecting whether the session is valid ","timestamp":"2016-11-02T07:28:31.779Z"}
{"level":"info","message":"ADDING A POST REQUEST WITH msg_payload AS: ","timestamp":"2016-11-02T07:40:38.306Z"}
{"username":"test@gmail.com","level":"info","message":"","timestamp":"2016-11-02T07:40:38.306Z"}
{"level":"info","message":"Checks before redirecting whether the session is valid ","timestamp":"2016-11-02T07:53:34.904Z"}
{"level":"info","message":"ADDING A POST REQUEST WITH msg_payload AS: ","timestamp":"2016-11-02T07:53:35.514Z"}
{"username":"test@gmail.com","level":"info","message":"","timestamp":"2016-11-02T07:53:35.514Z"}
{"level":"info","message":"ADDING A POST REQUEST ON cart_queue QUEUE WITH msg_payload as:","timestamp":"2016-11-02T07:53:39.951Z"}
{"product_id":"58185d8e1c045c1ac4f2588a","username":"test@gmail.com","level":"info","message":"","timestamp":"2016-11-02T07:53:39.951Z"}
{"level":"info","message":"Checks before redirecting whether the session is valid ","timestamp":"2016-11-02T07:53:42.094Z"}
{"level":"info","message":"ADDING A POST REQUEST WITH msg_payload AS: ","timestamp":"2016-11-02T07:53:42.449Z"}
{"username":"test@gmail.com","level":"info","message":"","timestamp":"2016-11-02T07:53:42.449Z"}
{"level":"info","message":"ADDING A POST REQUEST ON cart_queue QUEUE WITH msg_payload as:","timestamp":"2016-11-02T07:53:44.151Z"}
{"product_id":"58185d8e1c045c1ac4f2588a","username":"test@gmail.com","level":"info","message":"","timestamp":"2016-11-02T07:53:44.151Z"}
{"level":"info","message":"Checks before redirecting whether the session is valid ","timestamp":"2016-11-02T07:53:46.142Z"}
{"level":"info","message":"ADDING A POST REQUEST WITH msg_payload AS: ","timestamp":"2016-11-02T07:53:46.481Z"}
{"username":"test@gmail.com","level":"info","message":"","timestamp":"2016-11-02T07:53:46.481Z"}
{"level":"info","message":"Checks before redirecting whether the session is valid ","timestamp":"2016-11-02T07:54:03.458Z"}
{"level":"info","message":"ADDING A POST REQUEST ON get_all_products_queue WITH msg_payload AS: ","timestamp":"2016-11-02T07:54:04.078Z"}
{"username":"test@gmail.com","level":"info","message":"","timestamp":"2016-11-02T07:54:04.078Z"}
{"level":"info","message":"Checks before redirecting whether the session is valid ","timestamp":"2016-11-02T07:55:42.588Z"}
{"level":"info","message":"ADDING A POST REQUEST ON get_all_products_queue WITH msg_payload AS: ","timestamp":"2016-11-02T07:55:43.257Z"}
{"username":"test@gmail.com","level":"info","message":"","timestamp":"2016-11-02T07:55:43.258Z"}
{"level":"info","message":"ADDING A POST REQUEST ON your_cart_queue WITH msg_payload AS: ","timestamp":"2016-11-02T07:55:49.222Z"}
{"username":"test@gmail.com","level":"info","message":"","timestamp":"2016-11-02T07:55:49.222Z"}
{"level":"info","message":"Checks before redirecting whether the session is valid ","timestamp":"2016-11-02T08:11:42.991Z"}
{"level":"info","message":"ADDING A POST REQUEST ON your_cart_queue WITH msg_payload AS: ","timestamp":"2016-11-02T08:11:43.646Z"}
{"username":"test@gmail.com","level":"info","message":"","timestamp":"2016-11-02T08:11:43.646Z"}
{"level":"info","message":"ADDING A POST REQUEST ON remove_cart_queue WITH msg_payload AS: ","timestamp":"2016-11-02T08:11:45.273Z"}
{"username":"test@gmail.com","product_id":"58199b84a1c79d0decaf7d2a","level":"info","message":"","timestamp":"2016-11-02T08:11:45.274Z"}
{"level":"info","message":"ADDING A POST REQUEST ON remove_cart_queue WITH msg_payload AS: ","timestamp":"2016-11-02T08:11:45.789Z"}
{"username":"test@gmail.com","product_id":"58199b88a1c79d0decaf7d2b","level":"info","message":"","timestamp":"2016-11-02T08:11:45.789Z"}
{"level":"info","message":"Checks before redirecting whether the session is valid ","timestamp":"2016-11-02T08:11:47.158Z"}
{"level":"info","message":"ADDING A POST REQUEST ON your_cart_queue WITH msg_payload AS: ","timestamp":"2016-11-02T08:11:47.477Z"}
{"username":"test@gmail.com","level":"info","message":"","timestamp":"2016-11-02T08:11:47.477Z"}
{"level":"info","message":"ADDING A POST REQUEST ON get_all_products_queue WITH msg_payload AS: ","timestamp":"2016-11-02T08:11:49.306Z"}
{"username":"test@gmail.com","level":"info","message":"","timestamp":"2016-11-02T08:11:49.306Z"}
{"level":"info","message":"Checks before redirecting whether the session is valid ","timestamp":"2016-11-02T08:11:51.505Z"}
{"level":"info","message":"ADDING A POST REQUEST ON get_all_products_queue WITH msg_payload AS: ","timestamp":"2016-11-02T08:11:51.828Z"}
{"username":"test@gmail.com","level":"info","message":"","timestamp":"2016-11-02T08:11:51.829Z"}
{"level":"info","message":"ADDING A POST REQUEST ON cart_queue QUEUE WITH msg_payload as:","timestamp":"2016-11-02T08:11:57.454Z"}
{"product_id":"58185234903d453310a36966","username":"test@gmail.com","level":"info","message":"","timestamp":"2016-11-02T08:11:57.454Z"}
{"level":"info","message":"Checks before redirecting whether the session is valid ","timestamp":"2016-11-02T08:11:58.923Z"}
{"level":"info","message":"ADDING A POST REQUEST ON get_all_products_queue WITH msg_payload AS: ","timestamp":"2016-11-02T08:11:59.218Z"}
{"username":"test@gmail.com","level":"info","message":"","timestamp":"2016-11-02T08:11:59.218Z"}
{"level":"info","message":"ADDING A POST REQUEST ON your_cart_queue WITH msg_payload AS: ","timestamp":"2016-11-02T08:12:33.801Z"}
{"username":"test@gmail.com","level":"info","message":"","timestamp":"2016-11-02T08:12:33.801Z"}
{"level":"info","message":"Checks before redirecting whether the session is valid ","timestamp":"2016-11-02T08:12:35.795Z"}
{"level":"info","message":"ADDING A POST REQUEST ON your_cart_queue WITH msg_payload AS: ","timestamp":"2016-11-02T08:12:36.416Z"}
{"username":"test@gmail.com","level":"info","message":"","timestamp":"2016-11-02T08:12:36.416Z"}
{"level":"info","message":"ADDING A POST REQUEST ON remove_cart_queue WITH msg_payload AS: ","timestamp":"2016-11-02T08:12:38.887Z"}
{"username":"test@gmail.com","product_id":"58199fcd0c3b0c247c1dec59","level":"info","message":"","timestamp":"2016-11-02T08:12:38.887Z"}
{"level":"info","message":"Checks before redirecting whether the session is valid ","timestamp":"2016-11-02T08:12:41.162Z"}
{"level":"info","message":"ADDING A POST REQUEST ON your_cart_queue WITH msg_payload AS: ","timestamp":"2016-11-02T08:12:41.483Z"}
{"username":"test@gmail.com","level":"info","message":"","timestamp":"2016-11-02T08:12:41.483Z"}
{"level":"info","message":"ADDING A POST REQUEST ON get_all_products_queue WITH msg_payload AS: ","timestamp":"2016-11-02T08:12:43.463Z"}
{"username":"test@gmail.com","level":"info","message":"","timestamp":"2016-11-02T08:12:43.463Z"}
{"level":"info","message":"Checks before redirecting whether the session is valid ","timestamp":"2016-11-02T08:12:46.256Z"}
{"level":"info","message":"ADDING A POST REQUEST ON get_all_products_queue WITH msg_payload AS: ","timestamp":"2016-11-02T08:12:46.587Z"}
{"username":"test@gmail.com","level":"info","message":"","timestamp":"2016-11-02T08:12:46.587Z"}
{"level":"info","message":"ADDING A POST REQUEST ON cart_queue QUEUE WITH msg_payload as:","timestamp":"2016-11-02T08:14:11.431Z"}
{"product_id":"58185234903d453310a36966","username":"test@gmail.com","level":"info","message":"","timestamp":"2016-11-02T08:14:11.431Z"}
{"level":"info","message":"Checks before redirecting whether the session is valid ","timestamp":"2016-11-02T08:14:13.340Z"}
{"level":"info","message":"ADDING A POST REQUEST ON get_all_products_queue WITH msg_payload AS: ","timestamp":"2016-11-02T08:14:14.095Z"}
{"username":"test@gmail.com","level":"info","message":"","timestamp":"2016-11-02T08:14:14.095Z"}
{"level":"info","message":"ADDING A POST REQUEST ON your_cart_queue WITH msg_payload AS: ","timestamp":"2016-11-02T08:14:15.034Z"}
{"username":"test@gmail.com","level":"info","message":"","timestamp":"2016-11-02T08:14:15.034Z"}
{"level":"info","message":"ADDING A POST REQUEST ON remove_cart_queue WITH msg_payload AS: ","timestamp":"2016-11-02T08:15:05.901Z"}
{"username":"test@gmail.com","product_id":"5819a0530c3b0c247c1dec5a","level":"info","message":"","timestamp":"2016-11-02T08:15:05.901Z"}
{"level":"info","message":"Checks before redirecting whether the session is valid ","timestamp":"2016-11-02T08:15:48.025Z"}
{"level":"info","message":"ADDING A POST REQUEST ON your_cart_queue WITH msg_payload AS: ","timestamp":"2016-11-02T08:15:48.815Z"}
{"username":"test@gmail.com","level":"info","message":"","timestamp":"2016-11-02T08:15:48.815Z"}
{"level":"info","message":"ADDING A POST REQUEST ON get_all_products_queue WITH msg_payload AS: ","timestamp":"2016-11-02T08:16:16.745Z"}
{"username":"test@gmail.com","level":"info","message":"","timestamp":"2016-11-02T08:16:16.745Z"}
{"level":"info","message":"ADDING A POST REQUEST ON cart_queue QUEUE WITH msg_payload as:","timestamp":"2016-11-02T08:19:19.471Z"}
{"product_id":"58185234903d453310a36966","username":"test@gmail.com","level":"info","message":"","timestamp":"2016-11-02T08:19:19.471Z"}
{"level":"info","message":"Checks before redirecting whether the session is valid ","timestamp":"2016-11-02T08:23:28.647Z"}
{"level":"info","message":"ADDING A POST REQUEST ON your_cart_queue WITH msg_payload AS: ","timestamp":"2016-11-02T08:23:29.334Z"}
{"username":"test@gmail.com","level":"info","message":"","timestamp":"2016-11-02T08:23:29.335Z"}
{"level":"info","message":"ADDING A POST REQUEST ON get_all_products_queue WITH msg_payload AS: ","timestamp":"2016-11-02T08:23:31.605Z"}
{"username":"test@gmail.com","level":"info","message":"","timestamp":"2016-11-02T08:23:31.605Z"}
{"level":"info","message":"ADDING A POST REQUEST ON cart_queue QUEUE WITH msg_payload as:","timestamp":"2016-11-02T08:23:34.470Z"}
{"product_id":"58185234903d453310a36966","username":"test@gmail.com","level":"info","message":"","timestamp":"2016-11-02T08:23:34.470Z"}
{"level":"info","message":"ADDING A POST REQUEST ON cart_queue QUEUE WITH msg_payload as:","timestamp":"2016-11-02T08:23:47.550Z"}
{"product_id":"58185234903d453310a36966","username":"test@gmail.com","level":"info","message":"","timestamp":"2016-11-02T08:23:47.550Z"}
{"level":"info","message":"ADDING A POST REQUEST ON your_cart_queue WITH msg_payload AS: ","timestamp":"2016-11-02T08:24:07.945Z"}
{"username":"test@gmail.com","level":"info","message":"","timestamp":"2016-11-02T08:24:07.945Z"}
{"level":"info","message":"ADDING A POST REQUEST ON remove_cart_queue WITH msg_payload AS: ","timestamp":"2016-11-02T08:24:09.357Z"}
{"username":"test@gmail.com","product_id":"5819a2868ea12e0474dfea96","level":"info","message":"","timestamp":"2016-11-02T08:24:09.357Z"}
{"level":"info","message":"Checks before redirecting whether the session is valid ","timestamp":"2016-11-02T08:24:25.498Z"}
{"level":"info","message":"ADDING A POST REQUEST ON your_cart_queue WITH msg_payload AS: ","timestamp":"2016-11-02T08:24:26.107Z"}
{"username":"test@gmail.com","level":"info","message":"","timestamp":"2016-11-02T08:24:26.107Z"}
{"level":"info","message":"ADDING A POST REQUEST ON remove_cart_queue WITH msg_payload AS: ","timestamp":"2016-11-02T08:24:37.141Z"}
{"username":"test@gmail.com","product_id":"5819a2938ea12e0474dfea97","level":"info","message":"","timestamp":"2016-11-02T08:24:37.141Z"}
{"level":"info","message":"Checks before redirecting whether the session is valid ","timestamp":"2016-11-02T08:26:25.779Z"}
{"level":"info","message":"ADDING A POST REQUEST ON your_cart_queue WITH msg_payload AS: ","timestamp":"2016-11-02T08:26:26.413Z"}
{"username":"test@gmail.com","level":"info","message":"","timestamp":"2016-11-02T08:26:26.413Z"}
{"level":"info","message":"ADDING A POST REQUEST ON get_all_products_queue WITH msg_payload AS: ","timestamp":"2016-11-02T08:26:27.836Z"}
{"username":"test@gmail.com","level":"info","message":"","timestamp":"2016-11-02T08:26:27.836Z"}
{"level":"info","message":"ADDING A POST REQUEST ON cart_queue QUEUE WITH msg_payload as:","timestamp":"2016-11-02T08:26:30.380Z"}
{"product_id":"58185234903d453310a36966","username":"test@gmail.com","level":"info","message":"","timestamp":"2016-11-02T08:26:30.380Z"}
{"level":"info","message":"ADDING A POST REQUEST ON cart_queue QUEUE WITH msg_payload as:","timestamp":"2016-11-02T08:26:31.618Z"}
{"product_id":"58185234903d453310a36966","username":"test@gmail.com","level":"info","message":"","timestamp":"2016-11-02T08:26:31.618Z"}
{"level":"info","message":"ADDING A POST REQUEST ON your_cart_queue WITH msg_payload AS: ","timestamp":"2016-11-02T08:26:32.629Z"}
{"username":"test@gmail.com","level":"info","message":"","timestamp":"2016-11-02T08:26:32.630Z"}
{"level":"info","message":"Checks before redirecting whether the session is valid ","timestamp":"2016-11-02T08:26:34.363Z"}
{"level":"info","message":"ADDING A POST REQUEST ON your_cart_queue WITH msg_payload AS: ","timestamp":"2016-11-02T08:26:34.716Z"}
{"username":"test@gmail.com","level":"info","message":"","timestamp":"2016-11-02T08:26:34.716Z"}
{"level":"info","message":"ADDING A POST REQUEST ON remove_cart_queue WITH msg_payload AS: ","timestamp":"2016-11-02T08:26:43.358Z"}
{"username":"test@gmail.com","product_id":"5819a33662857507cc56d878","level":"info","message":"","timestamp":"2016-11-02T08:26:43.358Z"}
{"level":"info","message":"Checks before redirecting whether the session is valid ","timestamp":"2016-11-02T08:27:53.216Z"}
{"level":"info","message":"ADDING A POST REQUEST ON your_cart_queue WITH msg_payload AS: ","timestamp":"2016-11-02T08:27:53.832Z"}
{"username":"test@gmail.com","level":"info","message":"","timestamp":"2016-11-02T08:27:53.832Z"}
{"level":"info","message":"ADDING A POST REQUEST ON remove_cart_queue WITH msg_payload AS: ","timestamp":"2016-11-02T08:28:20.924Z"}
{"username":"test@gmail.com","product_id":"5819a33762857507cc56d879","level":"info","message":"","timestamp":"2016-11-02T08:28:20.925Z"}
{"level":"info","message":"Checks before redirecting whether the session is valid ","timestamp":"2016-11-02T08:28:50.404Z"}
{"level":"info","message":"ADDING A POST REQUEST ON your_cart_queue WITH msg_payload AS: ","timestamp":"2016-11-02T08:28:51.117Z"}
{"username":"test@gmail.com","level":"info","message":"","timestamp":"2016-11-02T08:28:51.117Z"}
{"level":"info","message":"ADDING A POST REQUEST ON get_all_products_queue WITH msg_payload AS: ","timestamp":"2016-11-02T08:28:53.150Z"}
{"username":"test@gmail.com","level":"info","message":"","timestamp":"2016-11-02T08:28:53.150Z"}
{"level":"info","message":"ADDING A POST REQUEST ON cart_queue QUEUE WITH msg_payload as:","timestamp":"2016-11-02T08:29:06.903Z"}
{"product_id":"58185234903d453310a36966","username":"test@gmail.com","level":"info","message":"","timestamp":"2016-11-02T08:29:06.903Z"}
{"level":"info","message":"Checks before redirecting whether the session is valid ","timestamp":"2016-11-02T08:29:10.257Z"}
{"level":"info","message":"ADDING A POST REQUEST ON get_all_products_queue WITH msg_payload AS: ","timestamp":"2016-11-02T08:29:10.834Z"}
{"username":"test@gmail.com","level":"info","message":"","timestamp":"2016-11-02T08:29:10.834Z"}
{"level":"info","message":"ADDING A POST REQUEST ON your_cart_queue WITH msg_payload AS: ","timestamp":"2016-11-02T08:29:13.188Z"}
{"username":"test@gmail.com","level":"info","message":"","timestamp":"2016-11-02T08:29:13.188Z"}
{"level":"info","message":"ADDING A POST REQUEST ON remove_cart_queue WITH msg_payload AS: ","timestamp":"2016-11-02T08:29:15.763Z"}
{"username":"test@gmail.com","product_id":"5819a3d28142c222486b366e","level":"info","message":"","timestamp":"2016-11-02T08:29:15.763Z"}
{"level":"info","message":"Checks before redirecting whether the session is valid ","timestamp":"2016-11-02T08:29:17.417Z"}
{"level":"info","message":"ADDING A POST REQUEST ON your_cart_queue WITH msg_payload AS: ","timestamp":"2016-11-02T08:29:17.753Z"}
{"username":"test@gmail.com","level":"info","message":"","timestamp":"2016-11-02T08:29:17.753Z"}
{"level":"info","message":"ADDING A POST REQUEST ON get_all_products_queue WITH msg_payload AS: ","timestamp":"2016-11-02T08:29:20.168Z"}
{"username":"test@gmail.com","level":"info","message":"","timestamp":"2016-11-02T08:29:20.168Z"}
{"level":"info","message":"Checks before redirecting whether the session is valid ","timestamp":"2016-11-02T08:31:25.903Z"}
{"level":"info","message":"ADDING A POST REQUEST ON get_all_products_queue WITH msg_payload AS: ","timestamp":"2016-11-02T08:31:26.506Z"}
{"username":"test@gmail.com","level":"info","message":"","timestamp":"2016-11-02T08:31:26.506Z"}
{"level":"info","message":"ADDING A POST REQUEST ON cart_queue QUEUE WITH msg_payload as:","timestamp":"2016-11-02T08:31:28.363Z"}
{"product_id":"58185234903d453310a36966","username":"test@gmail.com","level":"info","message":"","timestamp":"2016-11-02T08:31:28.363Z"}
{"level":"info","message":"Checks before redirecting whether the session is valid ","timestamp":"2016-11-02T08:31:30.352Z"}
{"level":"info","message":"ADDING A POST REQUEST ON get_all_products_queue WITH msg_payload AS: ","timestamp":"2016-11-02T08:31:30.674Z"}
{"username":"test@gmail.com","level":"info","message":"","timestamp":"2016-11-02T08:31:30.675Z"}
{"level":"info","message":"ADDING A POST REQUEST ON your_cart_queue WITH msg_payload AS: ","timestamp":"2016-11-02T08:31:32.212Z"}
{"username":"test@gmail.com","level":"info","message":"","timestamp":"2016-11-02T08:31:32.212Z"}
{"level":"info","message":"Checks before redirecting whether the session is valid ","timestamp":"2016-11-02T08:31:34.127Z"}
{"level":"info","message":"ADDING A POST REQUEST ON your_cart_queue WITH msg_payload AS: ","timestamp":"2016-11-02T08:31:34.439Z"}
{"username":"test@gmail.com","level":"info","message":"","timestamp":"2016-11-02T08:31:34.440Z"}
{"level":"info","message":"ADDING A POST REQUEST ON remove_cart_queue WITH msg_payload AS: ","timestamp":"2016-11-02T08:31:35.636Z"}
{"username":"test@gmail.com","product_id":"5819a4609b3ace01e4edb8fb","level":"info","message":"","timestamp":"2016-11-02T08:31:35.636Z"}
{"level":"info","message":"Checks before redirecting whether the session is valid ","timestamp":"2016-11-02T08:31:37.370Z"}
{"level":"info","message":"ADDING A POST REQUEST ON your_cart_queue WITH msg_payload AS: ","timestamp":"2016-11-02T08:31:37.688Z"}
{"username":"test@gmail.com","level":"info","message":"","timestamp":"2016-11-02T08:31:37.688Z"}
{"level":"info","message":"ADDING A POST REQUEST ON get_all_products_queue WITH msg_payload AS: ","timestamp":"2016-11-02T08:31:39.297Z"}
{"username":"test@gmail.com","level":"info","message":"","timestamp":"2016-11-02T08:31:39.297Z"}
{"level":"info","message":"Checks before redirecting whether the session is valid ","timestamp":"2016-11-02T08:31:42.526Z"}
{"level":"info","message":"ADDING A POST REQUEST ON get_all_products_queue WITH msg_payload AS: ","timestamp":"2016-11-02T08:31:42.823Z"}
{"username":"test@gmail.com","level":"info","message":"","timestamp":"2016-11-02T08:31:42.824Z"}
{"level":"info","message":"ADDING A POST REQUEST ON cart_queue QUEUE WITH msg_payload as:","timestamp":"2016-11-02T08:31:45.220Z"}
{"product_id":"58185234903d453310a36966","username":"test@gmail.com","level":"info","message":"","timestamp":"2016-11-02T08:31:45.220Z"}
{"level":"info","message":"ADDING A POST REQUEST ON cart_queue QUEUE WITH msg_payload as:","timestamp":"2016-11-02T08:31:45.442Z"}
{"product_id":"58185234903d453310a36966","username":"test@gmail.com","level":"info","message":"","timestamp":"2016-11-02T08:31:45.442Z"}
{"level":"info","message":"ADDING A POST REQUEST ON cart_queue QUEUE WITH msg_payload as:","timestamp":"2016-11-02T08:31:45.681Z"}
{"product_id":"58185234903d453310a36966","username":"test@gmail.com","level":"info","message":"","timestamp":"2016-11-02T08:31:45.681Z"}
{"level":"info","message":"ADDING A POST REQUEST ON cart_queue QUEUE WITH msg_payload as:","timestamp":"2016-11-02T08:31:45.933Z"}
{"product_id":"58185234903d453310a36966","username":"test@gmail.com","level":"info","message":"","timestamp":"2016-11-02T08:31:45.933Z"}
{"level":"info","message":"Checks before redirecting whether the session is valid ","timestamp":"2016-11-02T08:31:48.351Z"}
{"level":"info","message":"ADDING A POST REQUEST ON get_all_products_queue WITH msg_payload AS: ","timestamp":"2016-11-02T08:31:48.639Z"}
{"username":"test@gmail.com","level":"info","message":"","timestamp":"2016-11-02T08:31:48.639Z"}
{"level":"info","message":"ADDING A POST REQUEST ON your_cart_queue WITH msg_payload AS: ","timestamp":"2016-11-02T08:31:49.952Z"}
{"username":"test@gmail.com","level":"info","message":"","timestamp":"2016-11-02T08:31:49.952Z"}
{"level":"info","message":"ADDING A POST REQUEST ON get_all_products_queue WITH msg_payload AS: ","timestamp":"2016-11-02T08:31:54.947Z"}
{"username":"test@gmail.com","level":"info","message":"","timestamp":"2016-11-02T08:31:54.948Z"}
{"level":"info","message":"ADDING A POST REQUEST ON cart_queue QUEUE WITH msg_payload as:","timestamp":"2016-11-02T08:31:56.667Z"}
{"product_id":"58185234903d453310a36966","username":"test@gmail.com","level":"info","message":"","timestamp":"2016-11-02T08:31:56.667Z"}
{"level":"info","message":"Checks before redirecting whether the session is valid ","timestamp":"2016-11-02T08:31:58.723Z"}
{"level":"info","message":"ADDING A POST REQUEST ON get_all_products_queue WITH msg_payload AS: ","timestamp":"2016-11-02T08:31:59.033Z"}
{"username":"test@gmail.com","level":"info","message":"","timestamp":"2016-11-02T08:31:59.033Z"}
{"level":"info","message":"ADDING A POST REQUEST ON your_cart_queue WITH msg_payload AS: ","timestamp":"2016-11-02T08:32:00.511Z"}
{"username":"test@gmail.com","level":"info","message":"","timestamp":"2016-11-02T08:32:00.512Z"}
{"level":"info","message":"Checks before redirecting whether the session is valid ","timestamp":"2016-11-02T08:32:02.146Z"}
{"level":"info","message":"ADDING A POST REQUEST ON your_cart_queue WITH msg_payload AS: ","timestamp":"2016-11-02T08:32:02.482Z"}
{"username":"test@gmail.com","level":"info","message":"","timestamp":"2016-11-02T08:32:02.482Z"}
{"level":"info","message":"ADDING A POST REQUEST ON remove_cart_queue WITH msg_payload AS: ","timestamp":"2016-11-02T08:32:05.061Z"}
{"username":"test@gmail.com","product_id":"5819a4719b3ace01e4edb8fc","level":"info","message":"","timestamp":"2016-11-02T08:32:05.061Z"}
{"level":"info","message":"Checks before redirecting whether the session is valid ","timestamp":"2016-11-02T08:32:07.560Z"}
{"level":"info","message":"ADDING A POST REQUEST ON your_cart_queue WITH msg_payload AS: ","timestamp":"2016-11-02T08:32:07.867Z"}
{"username":"test@gmail.com","level":"info","message":"","timestamp":"2016-11-02T08:32:07.867Z"}
{"level":"info","message":"ADDING A POST REQUEST ON get_all_products_queue WITH msg_payload AS: ","timestamp":"2016-11-02T08:32:09.509Z"}
{"username":"test@gmail.com","level":"info","message":"","timestamp":"2016-11-02T08:32:09.510Z"}
{"level":"info","message":"ADDING A POST REQUEST ON your_cart_queue WITH msg_payload AS: ","timestamp":"2016-11-02T08:32:16.671Z"}
{"username":"test@gmail.com","level":"info","message":"","timestamp":"2016-11-02T08:32:16.671Z"}
{"level":"info","message":"ADDING A POST REQUEST ON remove_cart_queue WITH msg_payload AS: ","timestamp":"2016-11-02T08:32:17.618Z"}
{"username":"test@gmail.com","product_id":"5819a4719b3ace01e4edb8fd","level":"info","message":"","timestamp":"2016-11-02T08:32:17.618Z"}
{"level":"info","message":"ADDING A POST REQUEST ON remove_cart_queue WITH msg_payload AS: ","timestamp":"2016-11-02T08:32:18.090Z"}
{"username":"test@gmail.com","product_id":"5819a4719b3ace01e4edb8fe","level":"info","message":"","timestamp":"2016-11-02T08:32:18.090Z"}
{"level":"info","message":"ADDING A POST REQUEST ON remove_cart_queue WITH msg_payload AS: ","timestamp":"2016-11-02T08:32:18.626Z"}
{"username":"test@gmail.com","product_id":"5819a4719b3ace01e4edb8ff","level":"info","message":"","timestamp":"2016-11-02T08:32:18.626Z"}
{"level":"info","message":"ADDING A POST REQUEST ON remove_cart_queue WITH msg_payload AS: ","timestamp":"2016-11-02T08:32:19.186Z"}
{"username":"test@gmail.com","product_id":"5819a47c9b3ace01e4edb900","level":"info","message":"","timestamp":"2016-11-02T08:32:19.186Z"}
{"level":"info","message":"Checks before redirecting whether the session is valid ","timestamp":"2016-11-02T08:32:21.215Z"}
{"level":"info","message":"ADDING A POST REQUEST ON your_cart_queue WITH msg_payload AS: ","timestamp":"2016-11-02T08:32:21.529Z"}
{"username":"test@gmail.com","level":"info","message":"","timestamp":"2016-11-02T08:32:21.529Z"}
{"level":"info","message":"ADDING A POST REQUEST ON get_all_products_queue WITH msg_payload AS: ","timestamp":"2016-11-02T08:32:23.594Z"}
{"username":"test@gmail.com","level":"info","message":"","timestamp":"2016-11-02T08:32:23.594Z"}
{"level":"info","message":"ADDING A POST REQUEST ON cart_queue QUEUE WITH msg_payload as:","timestamp":"2016-11-02T08:42:42.772Z"}
{"product_id":"58185234903d453310a36966","username":"test@gmail.com","level":"info","message":"","timestamp":"2016-11-02T08:42:42.772Z"}
{"level":"info","message":"Checks before redirecting whether the session is valid ","timestamp":"2016-11-02T08:42:44.705Z"}
{"level":"info","message":"ADDING A POST REQUEST ON get_all_products_queue WITH msg_payload AS: ","timestamp":"2016-11-02T08:42:45.311Z"}
{"username":"test@gmail.com","level":"info","message":"","timestamp":"2016-11-02T08:42:45.311Z"}
{"level":"info","message":"ADDING A POST REQUEST ON your_cart_queue WITH msg_payload AS: ","timestamp":"2016-11-02T08:42:46.659Z"}
{"username":"test@gmail.com","level":"info","message":"","timestamp":"2016-11-02T08:42:46.659Z"}
{"level":"info","message":"ADDING A POST REQUEST ON remove_cart_queue WITH msg_payload AS: ","timestamp":"2016-11-02T08:42:48.545Z"}
{"username":"test@gmail.com","product_id":"5819a7029b3ace01e4edb901","level":"info","message":"","timestamp":"2016-11-02T08:42:48.546Z"}
{"level":"info","message":"ADDING A POST REQUEST ON get_all_products_queue WITH msg_payload AS: ","timestamp":"2016-11-02T08:42:49.505Z"}
{"username":"test@gmail.com","level":"info","message":"","timestamp":"2016-11-02T08:42:49.505Z"}
{"level":"info","message":"Checks before redirecting whether the session is valid ","timestamp":"2016-11-02T08:42:51.310Z"}
{"level":"info","message":"ADDING A POST REQUEST ON get_all_products_queue WITH msg_payload AS: ","timestamp":"2016-11-02T08:42:51.618Z"}
{"username":"test@gmail.com","level":"info","message":"","timestamp":"2016-11-02T08:42:51.618Z"}
{"level":"info","message":"ADDING A POST REQUEST ON cart_queue QUEUE WITH msg_payload as:","timestamp":"2016-11-02T08:42:54.610Z"}
{"product_id":"58185234903d453310a36966","username":"test@gmail.com","level":"info","message":"","timestamp":"2016-11-02T08:42:54.610Z"}
{"level":"info","message":"Checks before redirecting whether the session is valid ","timestamp":"2016-11-02T08:42:56.483Z"}
{"level":"info","message":"ADDING A POST REQUEST ON get_all_products_queue WITH msg_payload AS: ","timestamp":"2016-11-02T08:42:56.794Z"}
{"username":"test@gmail.com","level":"info","message":"","timestamp":"2016-11-02T08:42:56.794Z"}
{"level":"info","message":"ADDING A POST REQUEST ON your_cart_queue WITH msg_payload AS: ","timestamp":"2016-11-02T08:42:58.901Z"}
{"username":"test@gmail.com","level":"info","message":"","timestamp":"2016-11-02T08:42:58.901Z"}
{"level":"info","message":"Checks before redirecting whether the session is valid ","timestamp":"2016-11-02T08:43:00.739Z"}
{"level":"info","message":"ADDING A POST REQUEST ON your_cart_queue WITH msg_payload AS: ","timestamp":"2016-11-02T08:43:01.030Z"}
{"username":"test@gmail.com","level":"info","message":"","timestamp":"2016-11-02T08:43:01.030Z"}
{"level":"info","message":"ADDING A POST REQUEST ON remove_cart_queue WITH msg_payload AS: ","timestamp":"2016-11-02T08:43:02.795Z"}
{"username":"test@gmail.com","product_id":"5819a70e9b3ace01e4edb902","level":"info","message":"","timestamp":"2016-11-02T08:43:02.795Z"}
{"level":"info","message":"Checks before redirecting whether the session is valid ","timestamp":"2016-11-02T08:43:04.239Z"}
{"level":"info","message":"ADDING A POST REQUEST ON your_cart_queue WITH msg_payload AS: ","timestamp":"2016-11-02T08:43:04.517Z"}
{"username":"test@gmail.com","level":"info","message":"","timestamp":"2016-11-02T08:43:04.517Z"}
{"level":"info","message":"ADDING A POST REQUEST ON get_all_products_queue WITH msg_payload AS: ","timestamp":"2016-11-02T08:43:06.900Z"}
{"username":"test@gmail.com","level":"info","message":"","timestamp":"2016-11-02T08:43:06.900Z"}
{"level":"info","message":"Checks before redirecting whether the session is valid ","timestamp":"2016-11-02T08:43:08.713Z"}
{"level":"info","message":"ADDING A POST REQUEST ON get_all_products_queue WITH msg_payload AS: ","timestamp":"2016-11-02T08:43:09.061Z"}
{"username":"test@gmail.com","level":"info","message":"","timestamp":"2016-11-02T08:43:09.061Z"}
{"level":"info","message":"ADDING A POST REQUEST ON profile_queue WITH msg_payload AS","timestamp":"2016-11-02T08:43:10.697Z"}
{"username":"test@gmail.com","level":"info","message":"","timestamp":"2016-11-02T08:43:10.697Z"}
{"level":"info","message":"ADDING A POST REQUEST ON your_cart_queue WITH msg_payload AS: ","timestamp":"2016-11-02T08:43:22.849Z"}
{"username":"test@gmail.com","level":"info","message":"","timestamp":"2016-11-02T08:43:22.849Z"}
{"level":"info","message":"Checks before redirecting whether the session is valid ","timestamp":"2016-11-02T08:52:00.831Z"}
{"level":"info","message":"ADDING A POST REQUEST ON your_cart_queue WITH msg_payload AS: ","timestamp":"2016-11-02T08:52:01.522Z"}
{"username":"test@gmail.com","level":"info","message":"","timestamp":"2016-11-02T08:52:01.522Z"}
{"level":"info","message":"Checks before redirecting whether the session is valid ","timestamp":"2016-11-02T08:54:31.302Z"}
{"level":"info","message":"ADDING A POST REQUEST ON your_cart_queue WITH msg_payload AS: ","timestamp":"2016-11-02T08:54:31.926Z"}
{"username":"test@gmail.com","level":"info","message":"","timestamp":"2016-11-02T08:54:31.926Z"}
{"level":"info","message":"Checks before redirecting whether the session is valid ","timestamp":"2016-11-02T08:55:12.088Z"}
{"level":"info","message":"ADDING A POST REQUEST ON your_cart_queue WITH msg_payload AS: ","timestamp":"2016-11-02T08:55:12.759Z"}
{"username":"test@gmail.com","level":"info","message":"","timestamp":"2016-11-02T08:55:12.759Z"}
{"level":"info","message":"Checks before redirecting whether the session is valid ","timestamp":"2016-11-02T08:55:40.283Z"}
{"level":"info","message":"ADDING A POST REQUEST ON your_cart_queue WITH msg_payload AS: ","timestamp":"2016-11-02T08:55:41.092Z"}
{"username":"test@gmail.com","level":"info","message":"","timestamp":"2016-11-02T08:55:41.092Z"}
{"level":"info","message":"Checks before redirecting whether the session is valid ","timestamp":"2016-11-02T08:56:18.910Z"}
{"level":"info","message":"ADDING A POST REQUEST ON your_cart_queue WITH msg_payload AS: ","timestamp":"2016-11-02T08:56:19.725Z"}
{"username":"test@gmail.com","level":"info","message":"","timestamp":"2016-11-02T08:56:19.725Z"}
{"level":"info","message":"ADDING A POST REQUEST ON payment_queue QUEUE WITH msg_payload as: ","timestamp":"2016-11-02T08:56:50.148Z"}
{"username":"test@gmail.com","card_number":"34","level":"info","message":"","timestamp":"2016-11-02T08:56:50.148Z"}
{"level":"info","message":"ADDING A POST REQUEST ON payment_queue QUEUE WITH msg_payload as: ","timestamp":"2016-11-02T08:56:58.795Z"}
{"username":"test@gmail.com","card_number":"34","level":"info","message":"","timestamp":"2016-11-02T08:56:58.795Z"}
{"level":"info","message":"ADDING A POST REQUEST ON payment_queue QUEUE WITH msg_payload as: ","timestamp":"2016-11-02T08:57:21.010Z"}
{"username":"test@gmail.com","card_number":"34","level":"info","message":"","timestamp":"2016-11-02T08:57:21.010Z"}
{"level":"info","message":"ADDING A POST REQUEST ON payment_queue QUEUE WITH msg_payload as: ","timestamp":"2016-11-02T08:57:27.145Z"}
{"username":"test@gmail.com","card_number":"34666","level":"info","message":"","timestamp":"2016-11-02T08:57:27.146Z"}
{"level":"info","message":"ADDING A POST REQUEST ON payment_queue QUEUE WITH msg_payload as: ","timestamp":"2016-11-02T08:57:47.857Z"}
{"username":"test@gmail.com","card_number":"1111111111111111","level":"info","message":"","timestamp":"2016-11-02T08:57:47.857Z"}
{"level":"info","message":"Checks before redirecting whether the session is valid ","timestamp":"2016-11-02T08:59:20.560Z"}
{"level":"info","message":"ADDING A POST REQUEST ON your_cart_queue WITH msg_payload AS: ","timestamp":"2016-11-02T08:59:21.562Z"}
{"username":"test@gmail.com","level":"info","message":"","timestamp":"2016-11-02T08:59:21.563Z"}
{"level":"info","message":"ADDING A POST REQUEST ON payment_queue QUEUE WITH msg_payload as: ","timestamp":"2016-11-02T08:59:27.332Z"}
{"username":"test@gmail.com","card_number":"1","level":"info","message":"","timestamp":"2016-11-02T08:59:27.332Z"}
{"level":"info","message":"Checks before redirecting whether the session is valid ","timestamp":"2016-11-02T09:00:07.770Z"}
{"level":"info","message":"ADDING A POST REQUEST ON your_cart_queue WITH msg_payload AS: ","timestamp":"2016-11-02T09:00:08.644Z"}
{"username":"test@gmail.com","level":"info","message":"","timestamp":"2016-11-02T09:00:08.644Z"}
{"level":"info","message":"ADDING A POST REQUEST ON payment_queue QUEUE WITH msg_payload as: ","timestamp":"2016-11-02T09:00:14.687Z"}
{"username":"test@gmail.com","card_number":"1111111111111111","level":"info","message":"","timestamp":"2016-11-02T09:00:14.687Z"}
{"level":"info","message":"ADDING A POST REQUEST ON payment_queue QUEUE WITH msg_payload as: ","timestamp":"2016-11-02T09:00:19.804Z"}
{"username":"test@gmail.com","card_number":"111111111111111","level":"info","message":"","timestamp":"2016-11-02T09:00:19.804Z"}
{"level":"info","message":"ADDING A POST REQUEST ON payment_queue QUEUE WITH msg_payload as: ","timestamp":"2016-11-02T09:00:23.673Z"}
{"username":"test@gmail.com","card_number":"1111111111111111","level":"info","message":"","timestamp":"2016-11-02T09:00:23.673Z"}
{"level":"info","message":"Checks before redirecting whether the session is valid ","timestamp":"2016-11-02T09:03:14.076Z"}
{"level":"info","message":"ADDING A POST REQUEST ON your_cart_queue WITH msg_payload AS: ","timestamp":"2016-11-02T09:03:15.097Z"}
{"username":"test@gmail.com","level":"info","message":"","timestamp":"2016-11-02T09:03:15.098Z"}
{"level":"info","message":"ADDING A POST REQUEST ON payment_queue QUEUE WITH msg_payload as: ","timestamp":"2016-11-02T09:03:27.717Z"}
{"username":"test@gmail.com","card_number":"1","level":"info","message":"","timestamp":"2016-11-02T09:03:27.717Z"}
{"level":"info","message":"ADDING A POST REQUEST ON payment_queue QUEUE WITH msg_payload as: ","timestamp":"2016-11-02T09:03:42.411Z"}
{"username":"test@gmail.com","card_number":"1111111111111111","level":"info","message":"","timestamp":"2016-11-02T09:03:42.411Z"}
{"level":"info","message":"ADDING A POST REQUEST ON payment_queue QUEUE WITH msg_payload as: ","timestamp":"2016-11-02T09:03:50.098Z"}
{"username":"test@gmail.com","card_number":"","level":"info","message":"","timestamp":"2016-11-02T09:03:50.098Z"}
{"level":"info","message":"Checks before redirecting whether the session is valid ","timestamp":"2016-11-02T09:04:31.623Z"}
{"level":"info","message":"ADDING A POST REQUEST ON your_cart_queue WITH msg_payload AS: ","timestamp":"2016-11-02T09:04:32.246Z"}
{"username":"test@gmail.com","level":"info","message":"","timestamp":"2016-11-02T09:04:32.246Z"}
{"level":"info","message":"Checks before redirecting whether the session is valid ","timestamp":"2016-11-02T09:09:54.942Z"}
{"level":"info","message":"ADDING A POST REQUEST ON your_cart_queue WITH msg_payload AS: ","timestamp":"2016-11-02T09:09:55.584Z"}
{"username":"test@gmail.com","level":"info","message":"","timestamp":"2016-11-02T09:09:55.584Z"}
{"level":"info","message":"ADDING A POST REQUEST ON payment_queue QUEUE WITH msg_payload as: ","timestamp":"2016-11-02T09:10:18.039Z"}
{"username":"test@gmail.com","card_number":"1111111111111111","level":"info","message":"","timestamp":"2016-11-02T09:10:18.039Z"}
{"level":"info","message":"Checks before redirecting whether the session is valid ","timestamp":"2016-11-02T09:20:22.929Z"}
{"level":"info","message":"ADDING A POST REQUEST ON your_cart_queue WITH msg_payload AS: ","timestamp":"2016-11-02T09:20:23.754Z"}
{"username":"test@gmail.com","level":"info","message":"","timestamp":"2016-11-02T09:20:23.754Z"}
{"level":"info","message":"ADDING A POST REQUEST ON payment_queue QUEUE WITH msg_payload as: ","timestamp":"2016-11-02T09:20:35.554Z"}
{"username":"test@gmail.com","card_number":"1111111111111111","level":"info","message":"","timestamp":"2016-11-02T09:20:35.554Z"}
{"level":"info","message":"Checks before redirecting whether the session is valid ","timestamp":"2016-11-02T09:23:41.546Z"}
{"level":"info","message":"ADDING A POST REQUEST ON your_cart_queue WITH msg_payload AS: ","timestamp":"2016-11-02T09:23:42.368Z"}
{"username":"test@gmail.com","level":"info","message":"","timestamp":"2016-11-02T09:23:42.369Z"}
{"level":"info","message":"Checks before redirecting whether the session is valid ","timestamp":"2016-11-02T09:23:45.050Z"}
{"level":"info","message":"ADDING A POST REQUEST ON your_cart_queue WITH msg_payload AS: ","timestamp":"2016-11-02T09:23:45.840Z"}
{"username":"test@gmail.com","level":"info","message":"","timestamp":"2016-11-02T09:23:45.840Z"}
{"level":"info","message":"Checks before redirecting whether the session is valid ","timestamp":"2016-11-02T09:24:57.176Z"}
{"level":"info","message":"ADDING A POST REQUEST ON your_cart_queue WITH msg_payload AS: ","timestamp":"2016-11-02T09:24:57.939Z"}
{"username":"test@gmail.com","level":"info","message":"","timestamp":"2016-11-02T09:24:57.939Z"}
{"level":"info","message":"successfully rendered the signin module","timestamp":"2016-11-02T09:27:57.639Z"}
{"level":"info","message":"ADDING A POST REQUEST ON get_all_products_queue WITH msg_payload AS: ","timestamp":"2016-11-02T09:30:42.396Z"}
{"username":"test@gmail.com","level":"info","message":"","timestamp":"2016-11-02T09:30:42.396Z"}
{"level":"info","message":"ADDING A POST REQUEST ON cart_queue QUEUE WITH msg_payload as:","timestamp":"2016-11-02T09:30:45.136Z"}
{"product_id":"580dd8d88b8e81327c80b465","username":"test@gmail.com","level":"info","message":"","timestamp":"2016-11-02T09:30:45.137Z"}
{"level":"info","message":"ADDING A POST REQUEST ON cart_queue QUEUE WITH msg_payload as:","timestamp":"2016-11-02T09:30:46.269Z"}
{"product_id":"580de146f7d7c50cd48b5485","username":"test@gmail.com","level":"info","message":"","timestamp":"2016-11-02T09:30:46.269Z"}
{"level":"info","message":"ADDING A POST REQUEST ON your_cart_queue WITH msg_payload AS: ","timestamp":"2016-11-02T09:30:47.898Z"}
{"username":"test@gmail.com","level":"info","message":"","timestamp":"2016-11-02T09:30:47.899Z"}
{"level":"info","message":"ADDING A POST REQUEST ON profile_queue WITH msg_payload AS","timestamp":"2016-11-02T09:31:06.540Z"}
{"username":"test@gmail.com","level":"info","message":"","timestamp":"2016-11-02T09:31:06.540Z"}
{"level":"info","message":"ADDING A POST REQUEST ON get_all_products_queue WITH msg_payload AS: ","timestamp":"2016-11-02T09:31:09.877Z"}
{"username":"test@gmail.com","level":"info","message":"","timestamp":"2016-11-02T09:31:09.877Z"}
{"level":"info","message":"ADDING A POST REQUEST ON getAllBids WITH msg_payload AS: ","timestamp":"2016-11-02T09:31:11.507Z"}
{"username":"test@gmail.com","level":"info","message":"","timestamp":"2016-11-02T09:31:11.507Z"}
{"level":"info","message":"ADDING A POST REQUEST ON profile_queue WITH msg_payload AS","timestamp":"2016-11-02T09:31:19.863Z"}
{"username":"test@gmail.com","level":"info","message":"","timestamp":"2016-11-02T09:31:19.863Z"}
{"level":"info","message":"in destroy session function","timestamp":"2016-11-02T09:32:36.858Z"}
{"level":"info","message":"successfully rendered the signin module","timestamp":"2016-11-02T09:32:36.874Z"}
{"level":"info","message":"CONNECTED TO MONGO registerNewUser","timestamp":"2016-11-02T09:34:29.382Z"}
{"level":"info","message":"nachiket@gmail.com","timestamp":"2016-11-02T09:34:29.386Z"}
{"level":"info","message":"$2a$10$T1Lvf7EqujG86FYybVghUuC7t1lJcfKzppfjV5g4Kke3sGef7nkZS","timestamp":"2016-11-02T09:34:29.386Z"}
{"statusCode":200,"level":"warn","message":"","timestamp":"2016-11-02T09:34:29.477Z"}
{"statusCode":200,"level":"warn","message":"","timestamp":"2016-11-02T09:34:29.487Z"}
{"statusCode":200,"level":"warn","message":"","timestamp":"2016-11-02T09:34:29.490Z"}
{"level":"info","message":"Checks before redirecting whether the session is valid ","timestamp":"2016-11-02T09:34:29.499Z"}
{"level":"info","message":"ADDING A POST REQUEST ON get_all_products_queue WITH msg_payload AS: ","timestamp":"2016-11-02T09:34:30.933Z"}
{"username":"nachiket@gmail.com","level":"info","message":"","timestamp":"2016-11-02T09:34:30.933Z"}
{"level":"info","message":"ADDING A POST REQUEST ON cart_queue QUEUE WITH msg_payload as:","timestamp":"2016-11-02T09:34:32.550Z"}
{"product_id":"580dd8d88b8e81327c80b465","username":"nachiket@gmail.com","level":"info","message":"","timestamp":"2016-11-02T09:34:32.550Z"}
{"level":"info","message":"ADDING A POST REQUEST ON your_cart_queue WITH msg_payload AS: ","timestamp":"2016-11-02T09:34:34.373Z"}
{"username":"nachiket@gmail.com","level":"info","message":"","timestamp":"2016-11-02T09:34:34.373Z"}
{"level":"info","message":"Checks before redirecting whether the session is valid ","timestamp":"2016-11-02T09:35:06.496Z"}
{"level":"info","message":"ADDING A POST REQUEST ON your_cart_queue WITH msg_payload AS: ","timestamp":"2016-11-02T09:35:07.147Z"}
{"username":"nachiket@gmail.com","level":"info","message":"","timestamp":"2016-11-02T09:35:07.147Z"}
{"level":"info","message":"ADDING A POST REQUEST ON payment_queue QUEUE WITH msg_payload as: ","timestamp":"2016-11-02T09:35:16.391Z"}
{"username":"nachiket@gmail.com","card_number":"1111111111111111","level":"info","message":"","timestamp":"2016-11-02T09:35:16.391Z"}
{"level":"info","message":"Checks before redirecting whether the session is valid ","timestamp":"2016-11-02T09:36:06.445Z"}
{"level":"info","message":"ADDING A POST REQUEST ON your_cart_queue WITH msg_payload AS: ","timestamp":"2016-11-02T09:36:07.231Z"}
{"username":"nachiket@gmail.com","level":"info","message":"","timestamp":"2016-11-02T09:36:07.231Z"}
{"level":"info","message":"Checks before redirecting whether the session is valid ","timestamp":"2016-11-02T09:36:08.659Z"}
{"level":"info","message":"ADDING A POST REQUEST ON your_cart_queue WITH msg_payload AS: ","timestamp":"2016-11-02T09:36:09.476Z"}
{"username":"nachiket@gmail.com","level":"info","message":"","timestamp":"2016-11-02T09:36:09.476Z"}
{"level":"info","message":"ADDING A POST REQUEST ON payment_queue QUEUE WITH msg_payload as: ","timestamp":"2016-11-02T09:36:23.812Z"}
{"username":"nachiket@gmail.com","card_number":"1111111111111111","level":"info","message":"","timestamp":"2016-11-02T09:36:23.812Z"}
{"level":"info","message":"Checks before redirecting whether the session is valid ","timestamp":"2016-11-02T09:37:23.054Z"}
{"level":"info","message":"ADDING A POST REQUEST ON your_cart_queue WITH msg_payload AS: ","timestamp":"2016-11-02T09:37:23.880Z"}
{"username":"nachiket@gmail.com","level":"info","message":"","timestamp":"2016-11-02T09:37:23.880Z"}
{"level":"info","message":"ADDING A POST REQUEST ON payment_queue QUEUE WITH msg_payload as: ","timestamp":"2016-11-02T09:37:31.408Z"}
{"username":"nachiket@gmail.com","card_number":"1111111111111111","level":"info","message":"","timestamp":"2016-11-02T09:37:31.408Z"}
{"level":"info","message":"Checks before redirecting whether the session is valid ","timestamp":"2016-11-02T09:37:54.833Z"}
{"level":"info","message":"ADDING A POST REQUEST ON your_cart_queue WITH msg_payload AS: ","timestamp":"2016-11-02T09:37:55.652Z"}
{"username":"nachiket@gmail.com","level":"info","message":"","timestamp":"2016-11-02T09:37:55.652Z"}
{"level":"info","message":"Checks before redirecting whether the session is valid ","timestamp":"2016-11-02T09:37:56.520Z"}
{"level":"info","message":"ADDING A POST REQUEST ON your_cart_queue WITH msg_payload AS: ","timestamp":"2016-11-02T09:37:57.293Z"}
{"username":"nachiket@gmail.com","level":"info","message":"","timestamp":"2016-11-02T09:37:57.293Z"}
{"level":"info","message":"ADDING A POST REQUEST ON payment_queue QUEUE WITH msg_payload as: ","timestamp":"2016-11-02T09:38:05.888Z"}
{"username":"nachiket@gmail.com","card_number":"1111111111111111","level":"info","message":"","timestamp":"2016-11-02T09:38:05.888Z"}
{"level":"info","message":"Checks before redirecting whether the session is valid ","timestamp":"2016-11-02T09:39:44.296Z"}
{"level":"info","message":"ADDING A POST REQUEST ON your_cart_queue WITH msg_payload AS: ","timestamp":"2016-11-02T09:39:45.234Z"}
{"username":"nachiket@gmail.com","level":"info","message":"","timestamp":"2016-11-02T09:39:45.235Z"}
{"level":"info","message":"Checks before redirecting whether the session is valid ","timestamp":"2016-11-02T09:39:45.730Z"}
{"level":"info","message":"ADDING A POST REQUEST ON your_cart_queue WITH msg_payload AS: ","timestamp":"2016-11-02T09:39:46.495Z"}
{"username":"nachiket@gmail.com","level":"info","message":"","timestamp":"2016-11-02T09:39:46.495Z"}
{"level":"info","message":"ADDING A POST REQUEST ON payment_queue QUEUE WITH msg_payload as: ","timestamp":"2016-11-02T09:39:53.463Z"}
{"username":"nachiket@gmail.com","card_number":"1111111111111111","level":"info","message":"","timestamp":"2016-11-02T09:39:53.463Z"}
{"level":"info","message":"Checks before redirecting whether the session is valid ","timestamp":"2016-11-02T09:39:57.830Z"}
{"level":"info","message":"ADDING A POST REQUEST ON your_cart_queue WITH msg_payload AS: ","timestamp":"2016-11-02T09:39:58.578Z"}
{"username":"nachiket@gmail.com","level":"info","message":"","timestamp":"2016-11-02T09:39:58.578Z"}
{"level":"info","message":"Checks before redirecting whether the session is valid ","timestamp":"2016-11-02T09:41:57.111Z"}
{"level":"info","message":"ADDING A POST REQUEST ON your_cart_queue WITH msg_payload AS: ","timestamp":"2016-11-02T09:41:57.949Z"}
{"username":"nachiket@gmail.com","level":"info","message":"","timestamp":"2016-11-02T09:41:57.949Z"}
{"level":"info","message":"ADDING A POST REQUEST ON payment_queue QUEUE WITH msg_payload as: ","timestamp":"2016-11-02T09:42:11.345Z"}
{"username":"nachiket@gmail.com","card_number":"1111111111111111","level":"info","message":"","timestamp":"2016-11-02T09:42:11.345Z"}
{"level":"info","message":"Checks before redirecting whether the session is valid ","timestamp":"2016-11-02T09:44:03.429Z"}
{"level":"info","message":"ADDING A POST REQUEST ON your_cart_queue WITH msg_payload AS: ","timestamp":"2016-11-02T09:44:04.413Z"}
{"username":"nachiket@gmail.com","level":"info","message":"","timestamp":"2016-11-02T09:44:04.414Z"}
{"level":"info","message":"Checks before redirecting whether the session is valid ","timestamp":"2016-11-02T09:44:05.907Z"}
{"level":"info","message":"ADDING A POST REQUEST ON your_cart_queue WITH msg_payload AS: ","timestamp":"2016-11-02T09:44:06.732Z"}
{"username":"nachiket@gmail.com","level":"info","message":"","timestamp":"2016-11-02T09:44:06.732Z"}
{"level":"info","message":"ADDING A POST REQUEST ON payment_queue QUEUE WITH msg_payload as: ","timestamp":"2016-11-02T09:44:18.148Z"}
{"username":"nachiket@gmail.com","card_number":"1111111111111111","level":"info","message":"","timestamp":"2016-11-02T09:44:18.149Z"}
{"level":"info","message":"Checks before redirecting whether the session is valid ","timestamp":"2016-11-02T09:44:18.160Z"}
{"level":"info","message":"Checks before redirecting whether the session is valid ","timestamp":"2016-11-02T09:46:16.929Z"}
{"level":"info","message":"ADDING A POST REQUEST ON your_cart_queue WITH msg_payload AS: ","timestamp":"2016-11-02T09:46:17.727Z"}
{"username":"nachiket@gmail.com","level":"info","message":"","timestamp":"2016-11-02T09:46:17.727Z"}
{"level":"info","message":"Checks before redirecting whether the session is valid ","timestamp":"2016-11-02T09:46:19.291Z"}
{"level":"info","message":"ADDING A POST REQUEST ON your_cart_queue WITH msg_payload AS: ","timestamp":"2016-11-02T09:46:20.033Z"}
{"username":"nachiket@gmail.com","level":"info","message":"","timestamp":"2016-11-02T09:46:20.033Z"}
{"level":"info","message":"ADDING A POST REQUEST ON payment_queue QUEUE WITH msg_payload as: ","timestamp":"2016-11-02T09:46:30.790Z"}
{"username":"nachiket@gmail.com","card_number":"1111111111111111","level":"info","message":"","timestamp":"2016-11-02T09:46:30.790Z"}
{"level":"info","message":"Checks before redirecting whether the session is valid ","timestamp":"2016-11-02T09:52:03.028Z"}
{"level":"info","message":"ADDING A POST REQUEST ON your_cart_queue WITH msg_payload AS: ","timestamp":"2016-11-02T09:52:04.049Z"}
{"username":"nachiket@gmail.com","level":"info","message":"","timestamp":"2016-11-02T09:52:04.049Z"}
{"level":"info","message":"Checks before redirecting whether the session is valid ","timestamp":"2016-11-02T09:52:07.078Z"}
{"level":"info","message":"ADDING A POST REQUEST ON your_cart_queue WITH msg_payload AS: ","timestamp":"2016-11-02T09:52:07.888Z"}
{"username":"nachiket@gmail.com","level":"info","message":"","timestamp":"2016-11-02T09:52:07.888Z"}
{"level":"info","message":"ADDING A POST REQUEST ON payment_queue QUEUE WITH msg_payload as: ","timestamp":"2016-11-02T09:52:16.762Z"}
{"username":"nachiket@gmail.com","card_number":"1111111111111111","level":"info","message":"","timestamp":"2016-11-02T09:52:16.762Z"}
{"level":"info","message":"Checks before redirecting whether the session is valid ","timestamp":"2016-11-02T09:52:41.825Z"}
{"level":"info","message":"ADDING A POST REQUEST ON your_cart_queue WITH msg_payload AS: ","timestamp":"2016-11-02T09:52:42.635Z"}
{"username":"nachiket@gmail.com","level":"info","message":"","timestamp":"2016-11-02T09:52:42.636Z"}
{"level":"info","message":"Checks before redirecting whether the session is valid ","timestamp":"2016-11-02T09:52:43.522Z"}
{"level":"info","message":"ADDING A POST REQUEST ON your_cart_queue WITH msg_payload AS: ","timestamp":"2016-11-02T09:52:44.256Z"}
{"username":"nachiket@gmail.com","level":"info","message":"","timestamp":"2016-11-02T09:52:44.256Z"}
{"level":"info","message":"ADDING A POST REQUEST ON payment_queue QUEUE WITH msg_payload as: ","timestamp":"2016-11-02T09:52:48.798Z"}
{"username":"nachiket@gmail.com","card_number":"1111111111111111","level":"info","message":"","timestamp":"2016-11-02T09:52:48.798Z"}
{"level":"info","message":"Checks before redirecting whether the session is valid ","timestamp":"2016-11-02T09:52:48.816Z"}
{"level":"info","message":"Checks before redirecting whether the session is valid ","timestamp":"2016-11-02T09:53:46.027Z"}
{"level":"info","message":"ADDING A POST REQUEST ON your_cart_queue WITH msg_payload AS: ","timestamp":"2016-11-02T09:53:46.867Z"}
{"username":"nachiket@gmail.com","level":"info","message":"","timestamp":"2016-11-02T09:53:46.867Z"}
{"level":"info","message":"Checks before redirecting whether the session is valid ","timestamp":"2016-11-02T09:53:54.122Z"}
{"level":"info","message":"ADDING A POST REQUEST ON your_cart_queue WITH msg_payload AS: ","timestamp":"2016-11-02T09:53:55.139Z"}
{"username":"nachiket@gmail.com","level":"info","message":"","timestamp":"2016-11-02T09:53:55.139Z"}
{"level":"info","message":"ADDING A POST REQUEST ON payment_queue QUEUE WITH msg_payload as: ","timestamp":"2016-11-02T09:53:59.933Z"}
{"username":"nachiket@gmail.com","card_number":"1111111111111111","level":"info","message":"","timestamp":"2016-11-02T09:53:59.933Z"}
{"level":"info","message":"Checks before redirecting whether the session is valid ","timestamp":"2016-11-02T09:55:10.912Z"}
{"level":"info","message":"ADDING A POST REQUEST ON your_cart_queue WITH msg_payload AS: ","timestamp":"2016-11-02T09:55:11.790Z"}
{"username":"nachiket@gmail.com","level":"info","message":"","timestamp":"2016-11-02T09:55:11.790Z"}
{"level":"info","message":"Checks before redirecting whether the session is valid ","timestamp":"2016-11-02T09:55:12.316Z"}
{"level":"info","message":"ADDING A POST REQUEST ON your_cart_queue WITH msg_payload AS: ","timestamp":"2016-11-02T09:55:13.158Z"}
{"username":"nachiket@gmail.com","level":"info","message":"","timestamp":"2016-11-02T09:55:13.158Z"}
{"level":"info","message":"ADDING A POST REQUEST ON payment_queue QUEUE WITH msg_payload as: ","timestamp":"2016-11-02T09:55:20.447Z"}
{"username":"nachiket@gmail.com","card_number":"1111111111111111","level":"info","message":"","timestamp":"2016-11-02T09:55:20.447Z"}
{"level":"info","message":"successfully rendered the signin module","timestamp":"2016-11-02T23:30:27.563Z"}
{"level":"info","message":"CONNECTED TO MONGO registerNewUser","timestamp":"2016-11-02T23:30:37.433Z"}
{"level":"info","message":"nachiket@gmail.com","timestamp":"2016-11-02T23:30:37.516Z"}
{"level":"info","message":"$2a$10$T1Lvf7EqujG86FYybVghUuC7t1lJcfKzppfjV5g4Kke3sGef7nkZS","timestamp":"2016-11-02T23:30:37.516Z"}
{"statusCode":200,"level":"warn","message":"","timestamp":"2016-11-02T23:30:37.604Z"}
{"statusCode":200,"level":"warn","message":"","timestamp":"2016-11-02T23:30:37.611Z"}
{"statusCode":200,"level":"warn","message":"","timestamp":"2016-11-02T23:30:37.613Z"}
{"level":"info","message":"Checks before redirecting whether the session is valid ","timestamp":"2016-11-02T23:30:37.639Z"}
{"level":"info","message":"ADDING A POST REQUEST ON get_all_products_queue WITH msg_payload AS: ","timestamp":"2016-11-02T23:30:41.205Z"}
{"username":"nachiket@gmail.com","level":"info","message":"","timestamp":"2016-11-02T23:30:41.205Z"}
{"level":"info","message":"ADDING A POST REQUEST ON cart_queue QUEUE WITH msg_payload as:","timestamp":"2016-11-02T23:30:44.731Z"}
{"product_id":"58185234903d453310a36966","username":"nachiket@gmail.com","level":"info","message":"","timestamp":"2016-11-02T23:30:44.731Z"}
{"level":"info","message":"Checks before redirecting whether the session is valid ","timestamp":"2016-11-02T23:30:46.248Z"}
{"level":"info","message":"ADDING A POST REQUEST ON get_all_products_queue WITH msg_payload AS: ","timestamp":"2016-11-02T23:30:46.587Z"}
{"username":"nachiket@gmail.com","level":"info","message":"","timestamp":"2016-11-02T23:30:46.587Z"}
{"level":"info","message":"ADDING A POST REQUEST ON your_cart_queue WITH msg_payload AS: ","timestamp":"2016-11-02T23:30:51.074Z"}
{"username":"nachiket@gmail.com","level":"info","message":"","timestamp":"2016-11-02T23:30:51.074Z"}
{"level":"info","message":"Checks before redirecting whether the session is valid ","timestamp":"2016-11-02T23:30:53.415Z"}
{"level":"info","message":"ADDING A POST REQUEST ON your_cart_queue WITH msg_payload AS: ","timestamp":"2016-11-02T23:30:53.732Z"}
{"username":"nachiket@gmail.com","level":"info","message":"","timestamp":"2016-11-02T23:30:53.732Z"}
{"level":"info","message":"ADDING A POST REQUEST ON remove_cart_queue WITH msg_payload AS: ","timestamp":"2016-11-02T23:31:01.887Z"}
{"username":"nachiket@gmail.com","product_id":"5819b3289b3ace01e4edb905","level":"info","message":"","timestamp":"2016-11-02T23:31:01.888Z"}
{"level":"info","message":"Checks before redirecting whether the session is valid ","timestamp":"2016-11-02T23:31:04.831Z"}
{"level":"info","message":"ADDING A POST REQUEST ON your_cart_queue WITH msg_payload AS: ","timestamp":"2016-11-02T23:31:05.388Z"}
{"username":"nachiket@gmail.com","level":"info","message":"","timestamp":"2016-11-02T23:31:05.388Z"}
{"level":"info","message":"ADDING A POST REQUEST ON get_all_products_queue WITH msg_payload AS: ","timestamp":"2016-11-02T23:31:07.842Z"}
{"username":"nachiket@gmail.com","level":"info","message":"","timestamp":"2016-11-02T23:31:07.842Z"}
{"level":"info","message":"Checks before redirecting whether the session is valid ","timestamp":"2016-11-02T23:31:09.980Z"}
{"level":"info","message":"ADDING A POST REQUEST ON get_all_products_queue WITH msg_payload AS: ","timestamp":"2016-11-02T23:31:10.283Z"}
{"username":"nachiket@gmail.com","level":"info","message":"","timestamp":"2016-11-02T23:31:10.283Z"}
{"level":"info","message":"in destroy session function","timestamp":"2016-11-02T23:31:18.089Z"}
{"level":"info","message":"successfully rendered the signin module","timestamp":"2016-11-02T23:31:18.100Z"}
{"level":"info","message":"CONNECTED TO MONGO registerNewUser","timestamp":"2016-11-02T23:31:43.370Z"}
{"level":"info","message":"nachiket@gmail.com","timestamp":"2016-11-02T23:31:43.371Z"}
{"level":"info","message":"$2a$10$T1Lvf7EqujG86FYybVghUuC7t1lJcfKzppfjV5g4Kke3sGef7nkZS","timestamp":"2016-11-02T23:31:43.371Z"}
{"statusCode":200,"level":"warn","message":"","timestamp":"2016-11-02T23:31:43.459Z"}
{"statusCode":200,"level":"warn","message":"","timestamp":"2016-11-02T23:31:43.460Z"}
{"statusCode":200,"level":"warn","message":"","timestamp":"2016-11-02T23:31:43.462Z"}
{"level":"info","message":"Checks before redirecting whether the session is valid ","timestamp":"2016-11-02T23:31:43.467Z"}
{"level":"info","message":"in destroy session function","timestamp":"2016-11-02T23:35:58.351Z"}
{"level":"info","message":"successfully rendered the signin module","timestamp":"2016-11-02T23:35:58.359Z"}
{"level":"info","message":"ADDING A POST REQUEST ON register_new_user_queue QUEUE WITH msg_payload as:","timestamp":"2016-11-02T23:36:56.468Z"}
{"saltRounds":10,"myPlaintextPassword":"asdf","salt":"$2a$10$t9lWkM1XTwmrbilvTsLq3u","hash":"$2a$10$rxpwsxjyAC6qvgoaH4jxJuS8qWph/IGxIh7I1DL7nSQahJaMUucX2","dt":"2016-11-02T23:36:56.379Z","first_name":"Test","last_name":"Test","inputUsername":"test@gmail.com","inputPassword":"$2a$10$rxpwsxjyAC6qvgoaH4jxJuS8qWph/IGxIh7I1DL7nSQahJaMUucX2","level":"info","message":"","timestamp":"2016-11-02T23:36:56.468Z"}
{"level":"info","message":"CONNECTED TO MONGO registerNewUser","timestamp":"2016-11-02T23:37:05.863Z"}
{"level":"info","message":"test@gmail.com","timestamp":"2016-11-02T23:37:05.864Z"}
{"level":"info","message":"$2a$10$rxpwsxjyAC6qvgoaH4jxJuS8qWph/IGxIh7I1DL7nSQahJaMUucX2","timestamp":"2016-11-02T23:37:05.864Z"}
{"statusCode":200,"level":"warn","message":"","timestamp":"2016-11-02T23:37:05.952Z"}
{"statusCode":200,"level":"warn","message":"","timestamp":"2016-11-02T23:37:05.955Z"}
{"statusCode":200,"level":"warn","message":"","timestamp":"2016-11-02T23:37:05.956Z"}
{"level":"info","message":"Checks before redirecting whether the session is valid ","timestamp":"2016-11-02T23:37:05.961Z"}
{"level":"info","message":"in destroy session function","timestamp":"2016-11-02T23:37:11.134Z"}
{"level":"info","message":"successfully rendered the signin module","timestamp":"2016-11-02T23:37:11.141Z"}
{"level":"info","message":"successfully rendered the signin module","timestamp":"2016-11-02T23:43:38.443Z"}
{"level":"info","message":"ADDING A POST REQUEST ON register_new_user_queue QUEUE WITH msg_payload as:","timestamp":"2016-11-02T23:44:55.790Z"}
{"saltRounds":10,"myPlaintextPassword":"asdf","salt":"$2a$10$iKcFdU77iC63y4A6JkH0M.","hash":"$2a$10$NICXpsVTmohDw9wqptn8ZuHwCneDr5mBydZOZa7LyNEIwtQRWghqa","dt":"2016-11-02T23:44:55.702Z","first_name":"Test","last_name":"Test","inputUsername":"test@gmail.com","inputPassword":"$2a$10$NICXpsVTmohDw9wqptn8ZuHwCneDr5mBydZOZa7LyNEIwtQRWghqa","level":"info","message":"","timestamp":"2016-11-02T23:44:55.790Z"}
{"level":"info","message":"CONNECTED TO MONGO registerNewUser","timestamp":"2016-11-02T23:45:07.830Z"}
{"level":"info","message":"test@gmail.com","timestamp":"2016-11-02T23:45:07.831Z"}
{"level":"info","message":"$2a$10$NICXpsVTmohDw9wqptn8ZuHwCneDr5mBydZOZa7LyNEIwtQRWghqa","timestamp":"2016-11-02T23:45:07.831Z"}
{"statusCode":200,"level":"warn","message":"","timestamp":"2016-11-02T23:45:07.919Z"}
{"statusCode":200,"level":"warn","message":"","timestamp":"2016-11-02T23:45:07.921Z"}
{"statusCode":200,"level":"warn","message":"","timestamp":"2016-11-02T23:45:07.922Z"}
{"level":"info","message":"Checks before redirecting whether the session is valid ","timestamp":"2016-11-02T23:45:07.930Z"}
{"level":"info","message":"ADDING A POST REQUEST ON profile_queue WITH msg_payload AS","timestamp":"2016-11-02T23:45:10.857Z"}
{"username":"test@gmail.com","level":"info","message":"","timestamp":"2016-11-02T23:45:10.857Z"}
{"level":"info","message":"successfully rendered the signin module","timestamp":"2016-11-03T05:04:01.905Z"}
{"level":"info","message":"successfully rendered the signin module","timestamp":"2016-11-03T05:04:55.825Z"}
{"level":"info","message":"successfully rendered the signin module","timestamp":"2016-11-03T05:08:09.402Z"}
{"level":"info","message":"successfully rendered the signin module","timestamp":"2016-11-03T05:09:51.037Z"}
{"level":"info","message":"successfully rendered the signin module","timestamp":"2016-11-03T05:24:05.940Z"}
{"level":"info","message":"successfully rendered the signin module","timestamp":"2016-11-03T05:33:00.675Z"}
{"level":"info","message":"successfully rendered the signin module","timestamp":"2016-11-03T06:45:57.344Z"}
{"level":"info","message":"successfully rendered the signin module","timestamp":"2016-11-03T06:46:45.672Z"}
{"level":"info","message":"successfully rendered the signin module","timestamp":"2016-11-03T06:49:25.426Z"}
{"level":"info","message":"successfully rendered the signin module","timestamp":"2016-11-03T06:49:54.054Z"}
{"level":"info","message":"successfully rendered the signin module","timestamp":"2016-11-03T07:00:08.300Z"}
{"level":"info","message":"successfully rendered the signin module","timestamp":"2016-11-03T07:00:13.972Z"}
{"level":"info","message":"successfully rendered the signin module","timestamp":"2016-11-03T07:00:41.965Z"}
{"level":"info","message":"successfully rendered the signin module","timestamp":"2016-11-03T07:00:46.305Z"}
{"level":"info","message":"successfully rendered the signin module","timestamp":"2016-11-03T07:02:57.516Z"}
{"level":"info","message":"successfully rendered the signin module","timestamp":"2016-11-03T07:03:02.002Z"}
{"level":"info","message":"successfully rendered the signin module","timestamp":"2016-11-03T07:03:21.677Z"}
{"level":"info","message":"successfully rendered the signin module","timestamp":"2016-11-03T07:03:26.370Z"}
{"level":"info","message":"successfully rendered the signin module","timestamp":"2016-11-03T07:05:02.082Z"}
{"level":"info","message":"successfully rendered the signin module","timestamp":"2016-11-03T07:05:06.626Z"}
{"level":"info","message":"successfully rendered the signin module","timestamp":"2016-11-03T07:31:05.020Z"}
{"level":"info","message":"successfully rendered the signin module","timestamp":"2016-11-03T07:31:17.017Z"}
{"level":"info","message":"CONNECTED TO MONGO registerNewUser","timestamp":"2016-11-03T07:41:42.975Z"}
{"level":"info","message":"nachiket@gmail.com","timestamp":"2016-11-03T07:41:43.045Z"}
{"level":"info","message":"$2a$10$T1Lvf7EqujG86FYybVghUuC7t1lJcfKzppfjV5g4Kke3sGef7nkZS","timestamp":"2016-11-03T07:41:43.045Z"}
{"statusCode":200,"level":"warn","message":"","timestamp":"2016-11-03T07:41:43.134Z"}
{"statusCode":200,"level":"warn","message":"","timestamp":"2016-11-03T07:41:43.143Z"}
{"statusCode":200,"level":"warn","message":"","timestamp":"2016-11-03T07:41:43.144Z"}
{"level":"info","message":"Checks before redirecting whether the session is valid ","timestamp":"2016-11-03T07:41:43.175Z"}
{"level":"info","message":"in destroy session function","timestamp":"2016-11-03T07:57:21.647Z"}
{"level":"info","message":"successfully rendered the signin module","timestamp":"2016-11-03T07:57:21.703Z"}
{"level":"info","message":"successfully rendered the signin module","timestamp":"2016-11-03T07:59:31.767Z"}
{"level":"info","message":"successfully rendered the signin module","timestamp":"2016-11-03T07:59:51.152Z"}
{"level":"info","message":"successfully rendered the signin module","timestamp":"2016-11-03T08:00:42.749Z"}
{"level":"info","message":"successfully rendered the signin module","timestamp":"2016-11-03T08:01:48.698Z"}
{"level":"info","message":"successfully rendered the signin module","timestamp":"2016-11-03T08:04:13.151Z"}
{"level":"info","message":"successfully rendered the signin module","timestamp":"2016-11-03T08:04:46.950Z"}
{"level":"info","message":"successfully rendered the signin module","timestamp":"2016-11-03T08:05:09.793Z"}
{"level":"info","message":"successfully rendered the signin module","timestamp":"2016-11-03T08:05:20.197Z"}
{"level":"info","message":"successfully rendered the signin module","timestamp":"2016-11-03T08:06:58.053Z"}
{"level":"info","message":"successfully rendered the signin module","timestamp":"2016-11-03T08:07:14.458Z"}
{"level":"info","message":"successfully rendered the signin module","timestamp":"2016-11-03T08:08:02.969Z"}
{"level":"info","message":"successfully rendered the signin module","timestamp":"2016-11-03T08:08:15.950Z"}
{"level":"info","message":"successfully rendered the signin module","timestamp":"2016-11-03T08:10:55.131Z"}
{"level":"info","message":"successfully rendered the signin module","timestamp":"2016-11-03T08:11:17.757Z"}
{"level":"info","message":"successfully rendered the signin module","timestamp":"2016-11-04T00:54:51.976Z"}
{"level":"info","message":"CONNECTED TO MONGO registerNewUser","timestamp":"2016-11-04T00:55:19.232Z"}
{"level":"info","message":"nachiket@gmail.com","timestamp":"2016-11-04T00:55:19.405Z"}
{"level":"info","message":"$2a$10$T1Lvf7EqujG86FYybVghUuC7t1lJcfKzppfjV5g4Kke3sGef7nkZS","timestamp":"2016-11-04T00:55:19.405Z"}
{"statusCode":200,"level":"warn","message":"","timestamp":"2016-11-04T00:55:19.665Z"}
{"statusCode":200,"level":"warn","message":"","timestamp":"2016-11-04T00:55:19.691Z"}
{"statusCode":200,"level":"warn","message":"","timestamp":"2016-11-04T00:55:19.726Z"}
{"level":"info","message":"Checks before redirecting whether the session is valid ","timestamp":"2016-11-04T00:55:19.830Z"}
{"level":"info","message":"in destroy session function","timestamp":"2016-11-04T00:57:23.187Z"}
{"level":"info","message":"successfully rendered the signin module","timestamp":"2016-11-04T00:57:23.198Z"}
{"level":"info","message":"CONNECTED TO MONGO registerNewUser","timestamp":"2016-11-04T00:57:32.255Z"}
{"level":"info","message":"nachiket@gmail.com","timestamp":"2016-11-04T00:57:32.256Z"}
{"level":"info","message":"$2a$10$T1Lvf7EqujG86FYybVghUuC7t1lJcfKzppfjV5g4Kke3sGef7nkZS","timestamp":"2016-11-04T00:57:32.256Z"}
{"statusCode":200,"level":"warn","message":"","timestamp":"2016-11-04T00:57:32.344Z"}
{"statusCode":200,"level":"warn","message":"","timestamp":"2016-11-04T00:57:32.347Z"}
{"statusCode":200,"level":"warn","message":"","timestamp":"2016-11-04T00:57:32.348Z"}
{"level":"info","message":"Checks before redirecting whether the session is valid ","timestamp":"2016-11-04T00:57:32.355Z"}
{"level":"info","message":"in destroy session function","timestamp":"2016-11-04T00:58:27.052Z"}
{"level":"info","message":"successfully rendered the signin module","timestamp":"2016-11-04T00:58:27.060Z"}
{"level":"info","message":"successfully rendered the signin module","timestamp":"2016-11-04T00:58:29.174Z"}
{"level":"info","message":"CONNECTED TO MONGO registerNewUser","timestamp":"2016-11-04T00:58:37.445Z"}
{"level":"info","message":"nachiket@gmail.com","timestamp":"2016-11-04T00:58:37.447Z"}
{"level":"info","message":"$2a$10$T1Lvf7EqujG86FYybVghUuC7t1lJcfKzppfjV5g4Kke3sGef7nkZS","timestamp":"2016-11-04T00:58:37.447Z"}
{"statusCode":200,"level":"warn","message":"","timestamp":"2016-11-04T00:58:37.537Z"}
{"statusCode":200,"level":"warn","message":"","timestamp":"2016-11-04T00:58:37.539Z"}
{"statusCode":200,"level":"warn","message":"","timestamp":"2016-11-04T00:58:37.540Z"}
{"level":"info","message":"Checks before redirecting whether the session is valid ","timestamp":"2016-11-04T00:58:37.547Z"}
{"level":"info","message":"in destroy session function","timestamp":"2016-11-04T00:59:08.025Z"}
{"level":"info","message":"successfully rendered the signin module","timestamp":"2016-11-04T00:59:08.036Z"}
{"level":"info","message":"CONNECTED TO MONGO registerNewUser","timestamp":"2016-11-04T00:59:17.061Z"}
{"level":"info","message":"nachiket@gmail.com","timestamp":"2016-11-04T00:59:17.062Z"}
{"level":"info","message":"$2a$10$T1Lvf7EqujG86FYybVghUuC7t1lJcfKzppfjV5g4Kke3sGef7nkZS","timestamp":"2016-11-04T00:59:17.062Z"}
{"statusCode":200,"level":"warn","message":"","timestamp":"2016-11-04T00:59:17.152Z"}
{"statusCode":200,"level":"warn","message":"","timestamp":"2016-11-04T00:59:17.155Z"}
{"statusCode":200,"level":"warn","message":"","timestamp":"2016-11-04T00:59:17.156Z"}
{"level":"info","message":"Checks before redirecting whether the session is valid ","timestamp":"2016-11-04T00:59:17.162Z"}
{"level":"info","message":"in destroy session function","timestamp":"2016-11-04T00:59:58.762Z"}
{"level":"info","message":"successfully rendered the signin module","timestamp":"2016-11-04T00:59:58.770Z"}
{"level":"info","message":"successfully rendered the signin module","timestamp":"2016-11-04T01:00:01.166Z"}
{"level":"info","message":"CONNECTED TO MONGO registerNewUser","timestamp":"2016-11-04T01:00:10.964Z"}
{"level":"info","message":"nachiket@gmail.com","timestamp":"2016-11-04T01:00:10.965Z"}
{"level":"info","message":"$2a$10$T1Lvf7EqujG86FYybVghUuC7t1lJcfKzppfjV5g4Kke3sGef7nkZS","timestamp":"2016-11-04T01:00:10.965Z"}
{"statusCode":200,"level":"warn","message":"","timestamp":"2016-11-04T01:00:11.054Z"}
{"statusCode":200,"level":"warn","message":"","timestamp":"2016-11-04T01:00:11.057Z"}
{"statusCode":200,"level":"warn","message":"","timestamp":"2016-11-04T01:00:11.058Z"}
{"level":"info","message":"Checks before redirecting whether the session is valid ","timestamp":"2016-11-04T01:00:11.073Z"}
{"level":"info","message":"successfully rendered the signin module","timestamp":"2016-11-04T01:09:32.758Z"}
{"level":"info","message":"successfully rendered the signin module","timestamp":"2016-11-04T01:09:45.349Z"}
{"level":"info","message":"successfully rendered the signin module","timestamp":"2016-11-04T01:32:48.217Z"}
{"level":"info","message":"successfully rendered the signin module","timestamp":"2016-11-04T01:32:54.951Z"}
{"level":"info","message":"successfully rendered the signin module","timestamp":"2016-11-04T01:34:39.518Z"}
{"level":"info","message":"successfully rendered the signin module","timestamp":"2016-11-04T01:36:15.012Z"}
{"level":"info","message":"successfully rendered the signin module","timestamp":"2016-11-04T01:36:45.441Z"}
{"level":"info","message":"successfully rendered the signin module","timestamp":"2016-11-04T01:38:26.348Z"}
{"level":"info","message":"successfully rendered the signin module","timestamp":"2016-11-04T01:41:21.219Z"}
{"level":"info","message":"successfully rendered the signin module","timestamp":"2016-11-04T01:44:24.182Z"}
{"level":"info","message":"successfully rendered the signin module","timestamp":"2016-11-04T02:12:25.795Z"}
{"level":"info","message":"successfully rendered the signin module","timestamp":"2016-11-04T02:14:19.360Z"}
{"level":"info","message":"successfully rendered the signin module","timestamp":"2016-11-04T02:21:53.349Z"}
{"level":"info","message":"successfully rendered the signin module","timestamp":"2016-11-04T04:35:44.422Z"}
{"level":"info","message":"Checks before redirecting whether the session is valid ","timestamp":"2016-11-04T05:58:36.222Z"}
{"level":"info","message":"ADDING A POST REQUEST ON profile_queue WITH msg_payload AS","timestamp":"2016-11-04T05:59:10.967Z"}
{"username":"nachiket@gmail.com","level":"info","message":"","timestamp":"2016-11-04T05:59:10.967Z"}
{"level":"info","message":"ADDING A POST REQUEST ON get_all_products_queue WITH msg_payload AS: ","timestamp":"2016-11-04T05:59:30.925Z"}
{"username":"nachiket@gmail.com","level":"info","message":"","timestamp":"2016-11-04T05:59:30.926Z"}
{"level":"info","message":"ADDING A POST REQUEST ON getAllBids WITH msg_payload AS: ","timestamp":"2016-11-04T05:59:32.067Z"}
{"username":"nachiket@gmail.com","level":"info","message":"","timestamp":"2016-11-04T05:59:32.067Z"}
{"level":"info","message":"ADDING A POST REQUEST ON manage_sell_items_queue WITH msg_payload AS: ","timestamp":"2016-11-04T05:59:36.286Z"}
{"username":"nachiket@gmail.com","level":"info","message":"","timestamp":"2016-11-04T05:59:36.286Z"}
{"level":"info","message":"ADDING A POST REQUEST ON manage_bid_items_queue WITH msg_payload AS: ","timestamp":"2016-11-04T05:59:37.773Z"}
{"username":"nachiket@gmail.com","level":"info","message":"","timestamp":"2016-11-04T05:59:37.773Z"}
{"level":"info","message":"ADDING A POST REQUEST ON bought_history_queue WITH msg_payload AS: ","timestamp":"2016-11-04T05:59:43.935Z"}
{"username":"nachiket@gmail.com","level":"info","message":"","timestamp":"2016-11-04T05:59:43.935Z"}
{"level":"info","message":"ADDING A POST REQUEST ON sold_history_queue WITH msg_payload AS: ","timestamp":"2016-11-04T05:59:44.958Z"}
{"username":"nachiket@gmail.com","level":"info","message":"","timestamp":"2016-11-04T05:59:44.959Z"}
{"level":"info","message":"ADDING A POST REQUEST ON profile_queue WITH msg_payload AS","timestamp":"2016-11-04T05:59:47.929Z"}
{"username":"nachiket@gmail.com","level":"info","message":"","timestamp":"2016-11-04T05:59:47.929Z"}
{"level":"info","message":"ADDING A POST REQUEST ON profile_queue WITH msg_payload AS","timestamp":"2016-11-04T06:00:06.204Z"}
{"username":"nachiket@gmail.com","level":"info","message":"","timestamp":"2016-11-04T06:00:06.204Z"}
{"level":"info","message":"ADDING A POST REQUEST ON profile_queue WITH msg_payload AS","timestamp":"2016-11-04T06:01:10.968Z"}
{"username":"nachiket@gmail.com","level":"info","message":"","timestamp":"2016-11-04T06:01:10.968Z"}
{"level":"info","message":"in destroy session function","timestamp":"2016-11-04T06:05:52.743Z"}
{"level":"info","message":"successfully rendered the signin module","timestamp":"2016-11-04T06:05:52.763Z"}
{"level":"info","message":"Checks before redirecting whether the session is valid ","timestamp":"2016-11-04T06:06:40.172Z"}
{"level":"info","message":"ADDING A POST REQUEST ON profile_queue WITH msg_payload AS","timestamp":"2016-11-04T06:06:43.271Z"}
{"username":"nachiket@gmail.com","level":"info","message":"","timestamp":"2016-11-04T06:06:43.271Z"}
{"level":"info","message":"in destroy session function","timestamp":"2016-11-04T06:07:08.528Z"}
{"level":"info","message":"successfully rendered the signin module","timestamp":"2016-11-04T06:07:08.537Z"}
{"level":"info","message":"Checks before redirecting whether the session is valid ","timestamp":"2016-11-04T06:07:15.676Z"}
{"level":"info","message":"ADDING A POST REQUEST ON profile_queue WITH msg_payload AS","timestamp":"2016-11-04T06:07:17.402Z"}
{"username":"nachiket@gmail.com","level":"info","message":"","timestamp":"2016-11-04T06:07:17.402Z"}
